{"/home/iqbal/Final Project/BengkelDex-server/services/app/app.js": {"path":"/home/iqbal/Final Project/BengkelDex-server/services/app/app.js","statementMap":{"0":{"start":{"line":2,"column":0},"end":{"line":2,"column":27}},"1":{"start":{"line":3,"column":16},"end":{"line":3,"column":34}},"2":{"start":{"line":4,"column":12},"end":{"line":4,"column":21}},"3":{"start":{"line":5,"column":13},"end":{"line":5,"column":28}},"4":{"start":{"line":6,"column":13},"end":{"line":6,"column":37}},"5":{"start":{"line":7,"column":15},"end":{"line":7,"column":40}},"6":{"start":{"line":9,"column":0},"end":{"line":9,"column":16}},"7":{"start":{"line":10,"column":0},"end":{"line":10,"column":24}},"8":{"start":{"line":11,"column":0},"end":{"line":11,"column":48}},"9":{"start":{"line":13,"column":0},"end":{"line":13,"column":21}},"10":{"start":{"line":14,"column":0},"end":{"line":14,"column":20}}},"fnMap":{},"branchMap":{"0":{"loc":{"start":{"line":6,"column":13},"end":{"line":6,"column":37}},"type":"binary-expr","locations":[{"start":{"line":6,"column":13},"end":{"line":6,"column":29}},{"start":{"line":6,"column":33},"end":{"line":6,"column":37}}],"line":6}},"s":{"0":1,"1":1,"2":1,"3":1,"4":1,"5":1,"6":1,"7":1,"8":1,"9":1,"10":1},"f":{},"b":{"0":[1,1]},"_coverageSchema":"1a1c01bbd47fc00a2c39e90264f33305004495a9","hash":"476bed534e5b0aca231c591e72e91cd96b1d4c65"}
,"/home/iqbal/Final Project/BengkelDex-server/services/app/controllers/customers.js": {"path":"/home/iqbal/Final Project/BengkelDex-server/services/app/controllers/customers.js","statementMap":{"0":{"start":{"line":2,"column":17},"end":{"line":2,"column":43}},"1":{"start":{"line":3,"column":57},"end":{"line":3,"column":78}},"2":{"start":{"line":6,"column":4},"end":{"line":36,"column":5}},"3":{"start":{"line":7,"column":17},"end":{"line":7,"column":27}},"4":{"start":{"line":8,"column":28},"end":{"line":8,"column":33}},"5":{"start":{"line":9,"column":20},"end":{"line":9,"column":21}},"6":{"start":{"line":10,"column":25},"end":{"line":13,"column":7}},"7":{"start":{"line":14,"column":59},"end":{"line":14,"column":67}},"8":{"start":{"line":15,"column":19},"end":{"line":25,"column":8}},"9":{"start":{"line":26,"column":6},"end":{"line":30,"column":9}},"10":{"start":{"line":32,"column":6},"end":{"line":35,"column":9}},"11":{"start":{"line":40,"column":4},"end":{"line":85,"column":5}},"12":{"start":{"line":41,"column":34},"end":{"line":41,"column":42}},"13":{"start":{"line":42,"column":19},"end":{"line":42,"column":59}},"14":{"start":{"line":44,"column":6},"end":{"line":78,"column":7}},"15":{"start":{"line":45,"column":34},"end":{"line":45,"column":74}},"16":{"start":{"line":46,"column":8},"end":{"line":73,"column":9}},"17":{"start":{"line":47,"column":24},"end":{"line":55,"column":12}},"18":{"start":{"line":56,"column":26},"end":{"line":64,"column":11}},"19":{"start":{"line":65,"column":10},"end":{"line":68,"column":13}},"20":{"start":{"line":70,"column":10},"end":{"line":72,"column":13}},"21":{"start":{"line":75,"column":8},"end":{"line":77,"column":11}},"22":{"start":{"line":81,"column":6},"end":{"line":84,"column":9}},"23":{"start":{"line":89,"column":4},"end":{"line":107,"column":5}},"24":{"start":{"line":90,"column":19},"end":{"line":90,"column":30}},"25":{"start":{"line":91,"column":21},"end":{"line":91,"column":36}},"26":{"start":{"line":92,"column":26},"end":{"line":98,"column":10}},"27":{"start":{"line":99,"column":8},"end":{"line":101,"column":10}},"28":{"start":{"line":103,"column":6},"end":{"line":106,"column":9}},"29":{"start":{"line":111,"column":4},"end":{"line":145,"column":5}},"30":{"start":{"line":112,"column":23},"end":{"line":112,"column":49}},"31":{"start":{"line":113,"column":19},"end":{"line":113,"column":45}},"32":{"start":{"line":114,"column":18},"end":{"line":114,"column":44}},"33":{"start":{"line":116,"column":21},"end":{"line":139,"column":7}},"34":{"start":{"line":141,"column":6},"end":{"line":141,"column":35}},"35":{"start":{"line":143,"column":6},"end":{"line":143,"column":25}},"36":{"start":{"line":144,"column":6},"end":{"line":144,"column":34}},"37":{"start":{"line":149,"column":0},"end":{"line":149,"column":36}}},"fnMap":{"0":{"name":"(anonymous_0)","decl":{"start":{"line":5,"column":2},"end":{"line":5,"column":3}},"loc":{"start":{"line":5,"column":34},"end":{"line":37,"column":3}},"line":5},"1":{"name":"(anonymous_1)","decl":{"start":{"line":39,"column":2},"end":{"line":39,"column":3}},"loc":{"start":{"line":39,"column":39},"end":{"line":86,"column":3}},"line":39},"2":{"name":"(anonymous_2)","decl":{"start":{"line":88,"column":2},"end":{"line":88,"column":3}},"loc":{"start":{"line":88,"column":41},"end":{"line":108,"column":3}},"line":88},"3":{"name":"(anonymous_3)","decl":{"start":{"line":110,"column":2},"end":{"line":110,"column":3}},"loc":{"start":{"line":110,"column":46},"end":{"line":146,"column":3}},"line":110}},"branchMap":{"0":{"loc":{"start":{"line":44,"column":6},"end":{"line":78,"column":7}},"type":"if","locations":[{"start":{"line":44,"column":6},"end":{"line":78,"column":7}},{"start":{"line":74,"column":13},"end":{"line":78,"column":7}}],"line":44},"1":{"loc":{"start":{"line":46,"column":8},"end":{"line":73,"column":9}},"type":"if","locations":[{"start":{"line":46,"column":8},"end":{"line":73,"column":9}},{"start":{"line":69,"column":15},"end":{"line":73,"column":9}}],"line":46},"2":{"loc":{"start":{"line":112,"column":23},"end":{"line":112,"column":49}},"type":"binary-expr","locations":[{"start":{"line":112,"column":23},"end":{"line":112,"column":41}},{"start":{"line":112,"column":45},"end":{"line":112,"column":49}}],"line":112},"3":{"loc":{"start":{"line":113,"column":19},"end":{"line":113,"column":45}},"type":"binary-expr","locations":[{"start":{"line":113,"column":19},"end":{"line":113,"column":33}},{"start":{"line":113,"column":37},"end":{"line":113,"column":45}}],"line":113},"4":{"loc":{"start":{"line":114,"column":18},"end":{"line":114,"column":44}},"type":"binary-expr","locations":[{"start":{"line":114,"column":18},"end":{"line":114,"column":31}},{"start":{"line":114,"column":35},"end":{"line":114,"column":44}}],"line":114}},"s":{"0":1,"1":1,"2":0,"3":0,"4":0,"5":0,"6":0,"7":0,"8":0,"9":0,"10":0,"11":0,"12":0,"13":0,"14":0,"15":0,"16":0,"17":0,"18":0,"19":0,"20":0,"21":0,"22":0,"23":0,"24":0,"25":0,"26":0,"27":0,"28":0,"29":0,"30":0,"31":0,"32":0,"33":0,"34":0,"35":0,"36":0,"37":1},"f":{"0":0,"1":0,"2":0,"3":0},"b":{"0":[0,0],"1":[0,0],"2":[0,0],"3":[0,0],"4":[0,0]},"_coverageSchema":"1a1c01bbd47fc00a2c39e90264f33305004495a9","hash":"f4c2dbeb2e5a060f2d09af7b282e601fa4b94f81"}
,"/home/iqbal/Final Project/BengkelDex-server/services/app/controllers/workshops.js": {"path":"/home/iqbal/Final Project/BengkelDex-server/services/app/controllers/workshops.js","statementMap":{"0":{"start":{"line":2,"column":57},"end":{"line":2,"column":78}},"1":{"start":{"line":3,"column":36},"end":{"line":3,"column":56}},"2":{"start":{"line":6,"column":4},"end":{"line":30,"column":5}},"3":{"start":{"line":7,"column":91},"end":{"line":7,"column":99}},"4":{"start":{"line":8,"column":31},"end":{"line":11,"column":7}},"5":{"start":{"line":12,"column":26},"end":{"line":22,"column":8}},"6":{"start":{"line":23,"column":6},"end":{"line":27,"column":9}},"7":{"start":{"line":29,"column":6},"end":{"line":29,"column":34}},"8":{"start":{"line":34,"column":4},"end":{"line":74,"column":5}},"9":{"start":{"line":35,"column":34},"end":{"line":35,"column":42}},"10":{"start":{"line":36,"column":23},"end":{"line":36,"column":67}},"11":{"start":{"line":38,"column":6},"end":{"line":71,"column":7}},"12":{"start":{"line":39,"column":34},"end":{"line":39,"column":78}},"13":{"start":{"line":40,"column":8},"end":{"line":70,"column":9}},"14":{"start":{"line":41,"column":24},"end":{"line":51,"column":12}},"15":{"start":{"line":53,"column":26},"end":{"line":62,"column":11}},"16":{"start":{"line":64,"column":10},"end":{"line":67,"column":13}},"17":{"start":{"line":69,"column":10},"end":{"line":69,"column":73}},"18":{"start":{"line":73,"column":6},"end":{"line":73,"column":34}},"19":{"start":{"line":78,"column":4},"end":{"line":86,"column":5}},"20":{"start":{"line":79,"column":29},"end":{"line":79,"column":39}},"21":{"start":{"line":80,"column":23},"end":{"line":80,"column":72}},"22":{"start":{"line":81,"column":23},"end":{"line":81,"column":84}},"23":{"start":{"line":83,"column":6},"end":{"line":83,"column":37}},"24":{"start":{"line":85,"column":6},"end":{"line":85,"column":34}},"25":{"start":{"line":90,"column":4},"end":{"line":110,"column":5}},"26":{"start":{"line":91,"column":29},"end":{"line":91,"column":39}},"27":{"start":{"line":92,"column":52},"end":{"line":92,"column":60}},"28":{"start":{"line":94,"column":25},"end":{"line":100,"column":8}},"29":{"start":{"line":102,"column":6},"end":{"line":107,"column":9}},"30":{"start":{"line":109,"column":6},"end":{"line":109,"column":34}},"31":{"start":{"line":114,"column":4},"end":{"line":124,"column":5}},"32":{"start":{"line":115,"column":29},"end":{"line":115,"column":39}},"33":{"start":{"line":116,"column":29},"end":{"line":116,"column":37}},"34":{"start":{"line":117,"column":6},"end":{"line":117,"column":75}},"35":{"start":{"line":119,"column":6},"end":{"line":121,"column":9}},"36":{"start":{"line":123,"column":6},"end":{"line":123,"column":34}},"37":{"start":{"line":128,"column":4},"end":{"line":137,"column":5}},"38":{"start":{"line":129,"column":23},"end":{"line":133,"column":8}},"39":{"start":{"line":134,"column":6},"end":{"line":134,"column":37}},"40":{"start":{"line":136,"column":6},"end":{"line":136,"column":34}},"41":{"start":{"line":141,"column":0},"end":{"line":141,"column":36}}},"fnMap":{"0":{"name":"(anonymous_0)","decl":{"start":{"line":5,"column":2},"end":{"line":5,"column":3}},"loc":{"start":{"line":5,"column":42},"end":{"line":31,"column":3}},"line":5},"1":{"name":"(anonymous_1)","decl":{"start":{"line":33,"column":2},"end":{"line":33,"column":3}},"loc":{"start":{"line":33,"column":39},"end":{"line":75,"column":3}},"line":33},"2":{"name":"(anonymous_2)","decl":{"start":{"line":77,"column":2},"end":{"line":77,"column":3}},"loc":{"start":{"line":77,"column":45},"end":{"line":87,"column":3}},"line":77},"3":{"name":"(anonymous_3)","decl":{"start":{"line":89,"column":2},"end":{"line":89,"column":3}},"loc":{"start":{"line":89,"column":38},"end":{"line":111,"column":3}},"line":89},"4":{"name":"(anonymous_4)","decl":{"start":{"line":113,"column":2},"end":{"line":113,"column":3}},"loc":{"start":{"line":113,"column":38},"end":{"line":125,"column":3}},"line":113},"5":{"name":"(anonymous_5)","decl":{"start":{"line":127,"column":2},"end":{"line":127,"column":3}},"loc":{"start":{"line":127,"column":42},"end":{"line":138,"column":3}},"line":127}},"branchMap":{"0":{"loc":{"start":{"line":7,"column":59},"end":{"line":7,"column":72}},"type":"default-arg","locations":[{"start":{"line":7,"column":71},"end":{"line":7,"column":72}}],"line":7},"1":{"loc":{"start":{"line":7,"column":74},"end":{"line":7,"column":86}},"type":"default-arg","locations":[{"start":{"line":7,"column":85},"end":{"line":7,"column":86}}],"line":7},"2":{"loc":{"start":{"line":38,"column":6},"end":{"line":71,"column":7}},"type":"if","locations":[{"start":{"line":38,"column":6},"end":{"line":71,"column":7}},{"start":{},"end":{}}],"line":38},"3":{"loc":{"start":{"line":40,"column":8},"end":{"line":70,"column":9}},"type":"if","locations":[{"start":{"line":40,"column":8},"end":{"line":70,"column":9}},{"start":{"line":68,"column":15},"end":{"line":70,"column":9}}],"line":40}},"s":{"0":1,"1":1,"2":1,"3":1,"4":1,"5":1,"6":1,"7":0,"8":2,"9":2,"10":2,"11":2,"12":1,"13":1,"14":1,"15":0,"16":0,"17":0,"18":1,"19":0,"20":0,"21":0,"22":0,"23":0,"24":0,"25":0,"26":0,"27":0,"28":0,"29":0,"30":0,"31":0,"32":0,"33":0,"34":0,"35":0,"36":0,"37":0,"38":0,"39":0,"40":0,"41":1},"f":{"0":1,"1":2,"2":0,"3":0,"4":0,"5":0},"b":{"0":[0],"1":[0],"2":[1,1],"3":[1,0]},"_coverageSchema":"1a1c01bbd47fc00a2c39e90264f33305004495a9","hash":"9ac6417653856436c23a81d1fa9c10879ffd5102"}
,"/home/iqbal/Final Project/BengkelDex-server/services/app/helpers/index.js": {"path":"/home/iqbal/Final Project/BengkelDex-server/services/app/helpers/index.js","statementMap":{"0":{"start":{"line":1,"column":15},"end":{"line":1,"column":32}},"1":{"start":{"line":2,"column":12},"end":{"line":2,"column":35}},"2":{"start":{"line":5,"column":2},"end":{"line":5,"column":39}},"3":{"start":{"line":9,"column":2},"end":{"line":9,"column":44}},"4":{"start":{"line":13,"column":2},"end":{"line":13,"column":48}},"5":{"start":{"line":17,"column":2},"end":{"line":17,"column":51}},"6":{"start":{"line":20,"column":0},"end":{"line":25,"column":2}}},"fnMap":{"0":{"name":"hashPassword","decl":{"start":{"line":4,"column":9},"end":{"line":4,"column":21}},"loc":{"start":{"line":4,"column":32},"end":{"line":6,"column":1}},"line":4},"1":{"name":"comparePassword","decl":{"start":{"line":8,"column":9},"end":{"line":8,"column":24}},"loc":{"start":{"line":8,"column":41},"end":{"line":10,"column":1}},"line":8},"2":{"name":"generateToken","decl":{"start":{"line":12,"column":9},"end":{"line":12,"column":22}},"loc":{"start":{"line":12,"column":29},"end":{"line":14,"column":1}},"line":12},"3":{"name":"verifyToken","decl":{"start":{"line":16,"column":9},"end":{"line":16,"column":20}},"loc":{"start":{"line":16,"column":28},"end":{"line":18,"column":1}},"line":16}},"branchMap":{},"s":{"0":1,"1":1,"2":1,"3":1,"4":1,"5":0,"6":1},"f":{"0":1,"1":1,"2":1,"3":0},"b":{},"_coverageSchema":"1a1c01bbd47fc00a2c39e90264f33305004495a9","hash":"5c539b93aedb5bc3724a2fc04c7972d8200786d0"}
,"/home/iqbal/Final Project/BengkelDex-server/services/app/middleware/authn.js": {"path":"/home/iqbal/Final Project/BengkelDex-server/services/app/middleware/authn.js","statementMap":{"0":{"start":{"line":1,"column":24},"end":{"line":1,"column":54}},"1":{"start":{"line":2,"column":17},"end":{"line":2,"column":43}},"2":{"start":{"line":4,"column":14},"end":{"line":19,"column":1}},"3":{"start":{"line":5,"column":2},"end":{"line":18,"column":3}},"4":{"start":{"line":6,"column":29},"end":{"line":6,"column":40}},"5":{"start":{"line":7,"column":20},"end":{"line":7,"column":45}},"6":{"start":{"line":8,"column":22},"end":{"line":8,"column":53}},"7":{"start":{"line":10,"column":4},"end":{"line":14,"column":6}},"8":{"start":{"line":15,"column":4},"end":{"line":15,"column":11}},"9":{"start":{"line":17,"column":4},"end":{"line":17,"column":14}},"10":{"start":{"line":21,"column":0},"end":{"line":21,"column":27}}},"fnMap":{"0":{"name":"(anonymous_0)","decl":{"start":{"line":4,"column":14},"end":{"line":4,"column":15}},"loc":{"start":{"line":4,"column":40},"end":{"line":19,"column":1}},"line":4}},"branchMap":{},"s":{"0":1,"1":1,"2":1,"3":0,"4":0,"5":0,"6":0,"7":0,"8":0,"9":0,"10":1},"f":{"0":0},"b":{},"_coverageSchema":"1a1c01bbd47fc00a2c39e90264f33305004495a9","hash":"186b1e5524f495bb0639f2395f03c9f55d4320a1"}
,"/home/iqbal/Final Project/BengkelDex-server/services/app/models/index.js": {"path":"/home/iqbal/Final Project/BengkelDex-server/services/app/models/index.js","statementMap":{"0":{"start":{"line":3,"column":11},"end":{"line":3,"column":24}},"1":{"start":{"line":4,"column":13},"end":{"line":4,"column":28}},"2":{"start":{"line":5,"column":18},"end":{"line":5,"column":38}},"3":{"start":{"line":6,"column":17},"end":{"line":6,"column":42}},"4":{"start":{"line":7,"column":12},"end":{"line":7,"column":49}},"5":{"start":{"line":8,"column":15},"end":{"line":8,"column":65}},"6":{"start":{"line":9,"column":11},"end":{"line":9,"column":13}},"7":{"start":{"line":12,"column":0},"end":{"line":16,"column":1}},"8":{"start":{"line":13,"column":2},"end":{"line":13,"column":74}},"9":{"start":{"line":15,"column":2},"end":{"line":15,"column":87}},"10":{"start":{"line":18,"column":0},"end":{"line":26,"column":5}},"11":{"start":{"line":21,"column":4},"end":{"line":21,"column":90}},"12":{"start":{"line":24,"column":18},"end":{"line":24,"column":85}},"13":{"start":{"line":25,"column":4},"end":{"line":25,"column":27}},"14":{"start":{"line":28,"column":0},"end":{"line":32,"column":3}},"15":{"start":{"line":29,"column":2},"end":{"line":31,"column":3}},"16":{"start":{"line":30,"column":4},"end":{"line":30,"column":32}},"17":{"start":{"line":34,"column":0},"end":{"line":34,"column":25}},"18":{"start":{"line":35,"column":0},"end":{"line":35,"column":25}},"19":{"start":{"line":37,"column":0},"end":{"line":37,"column":20}}},"fnMap":{"0":{"name":"(anonymous_0)","decl":{"start":{"line":20,"column":10},"end":{"line":20,"column":11}},"loc":{"start":{"line":20,"column":18},"end":{"line":22,"column":3}},"line":20},"1":{"name":"(anonymous_1)","decl":{"start":{"line":23,"column":11},"end":{"line":23,"column":12}},"loc":{"start":{"line":23,"column":19},"end":{"line":26,"column":3}},"line":23},"2":{"name":"(anonymous_2)","decl":{"start":{"line":28,"column":24},"end":{"line":28,"column":25}},"loc":{"start":{"line":28,"column":37},"end":{"line":32,"column":1}},"line":28}},"branchMap":{"0":{"loc":{"start":{"line":7,"column":12},"end":{"line":7,"column":49}},"type":"binary-expr","locations":[{"start":{"line":7,"column":12},"end":{"line":7,"column":32}},{"start":{"line":7,"column":36},"end":{"line":7,"column":49}}],"line":7},"1":{"loc":{"start":{"line":12,"column":0},"end":{"line":16,"column":1}},"type":"if","locations":[{"start":{"line":12,"column":0},"end":{"line":16,"column":1}},{"start":{"line":14,"column":7},"end":{"line":16,"column":1}}],"line":12},"2":{"loc":{"start":{"line":21,"column":11},"end":{"line":21,"column":89}},"type":"binary-expr","locations":[{"start":{"line":21,"column":12},"end":{"line":21,"column":35}},{"start":{"line":21,"column":41},"end":{"line":21,"column":58}},{"start":{"line":21,"column":64},"end":{"line":21,"column":88}}],"line":21},"3":{"loc":{"start":{"line":29,"column":2},"end":{"line":31,"column":3}},"type":"if","locations":[{"start":{"line":29,"column":2},"end":{"line":31,"column":3}},{"start":{},"end":{}}],"line":29}},"s":{"0":1,"1":1,"2":1,"3":1,"4":1,"5":1,"6":1,"7":1,"8":0,"9":1,"10":1,"11":6,"12":5,"13":5,"14":1,"15":5,"16":5,"17":1,"18":1,"19":1},"f":{"0":6,"1":5,"2":5},"b":{"0":[1,0],"1":[0,1],"2":[6,6,5],"3":[5,0]},"_coverageSchema":"1a1c01bbd47fc00a2c39e90264f33305004495a9","hash":"5a9337c81143a9079abbe9b823d5e0cf3d38413e"}
,"/home/iqbal/Final Project/BengkelDex-server/services/app/models/order.js": {"path":"/home/iqbal/Final Project/BengkelDex-server/services/app/models/order.js","statementMap":{"0":{"start":{"line":4,"column":4},"end":{"line":4,"column":24}},"1":{"start":{"line":5,"column":0},"end":{"line":28,"column":2}},"2":{"start":{"line":16,"column":2},"end":{"line":26,"column":5}},"3":{"start":{"line":27,"column":2},"end":{"line":27,"column":15}}},"fnMap":{"0":{"name":"(anonymous_0)","decl":{"start":{"line":5,"column":17},"end":{"line":5,"column":18}},"loc":{"start":{"line":5,"column":43},"end":{"line":28,"column":1}},"line":5},"1":{"name":"(anonymous_1)","decl":{"start":{"line":12,"column":4},"end":{"line":12,"column":5}},"loc":{"start":{"line":12,"column":29},"end":{"line":14,"column":5}},"line":12}},"branchMap":{},"s":{"0":1,"1":1,"2":1,"3":1},"f":{"0":1,"1":1},"b":{},"_coverageSchema":"1a1c01bbd47fc00a2c39e90264f33305004495a9","hash":"87fb596f523b8716a593938df77438b64e9921cb"}
,"/home/iqbal/Final Project/BengkelDex-server/services/app/models/orderdetail.js": {"path":"/home/iqbal/Final Project/BengkelDex-server/services/app/models/orderdetail.js","statementMap":{"0":{"start":{"line":4,"column":4},"end":{"line":4,"column":24}},"1":{"start":{"line":5,"column":0},"end":{"line":25,"column":2}},"2":{"start":{"line":16,"column":2},"end":{"line":23,"column":5}},"3":{"start":{"line":24,"column":2},"end":{"line":24,"column":21}}},"fnMap":{"0":{"name":"(anonymous_0)","decl":{"start":{"line":5,"column":17},"end":{"line":5,"column":18}},"loc":{"start":{"line":5,"column":43},"end":{"line":25,"column":1}},"line":5},"1":{"name":"(anonymous_1)","decl":{"start":{"line":12,"column":4},"end":{"line":12,"column":5}},"loc":{"start":{"line":12,"column":29},"end":{"line":14,"column":5}},"line":12}},"branchMap":{},"s":{"0":1,"1":1,"2":1,"3":1},"f":{"0":1,"1":1},"b":{},"_coverageSchema":"1a1c01bbd47fc00a2c39e90264f33305004495a9","hash":"0fcb62e1825f8dc856ff2af7c9be83ba59d36e3d"}
,"/home/iqbal/Final Project/BengkelDex-server/services/app/models/service.js": {"path":"/home/iqbal/Final Project/BengkelDex-server/services/app/models/service.js","statementMap":{"0":{"start":{"line":2,"column":18},"end":{"line":2,"column":38}},"1":{"start":{"line":3,"column":0},"end":{"line":30,"column":2}},"2":{"start":{"line":12,"column":6},"end":{"line":14,"column":9}},"3":{"start":{"line":17,"column":2},"end":{"line":28,"column":4}},"4":{"start":{"line":29,"column":2},"end":{"line":29,"column":17}}},"fnMap":{"0":{"name":"(anonymous_0)","decl":{"start":{"line":3,"column":17},"end":{"line":3,"column":18}},"loc":{"start":{"line":3,"column":43},"end":{"line":30,"column":1}},"line":3},"1":{"name":"(anonymous_1)","decl":{"start":{"line":10,"column":4},"end":{"line":10,"column":5}},"loc":{"start":{"line":10,"column":29},"end":{"line":15,"column":5}},"line":10}},"branchMap":{},"s":{"0":1,"1":1,"2":1,"3":1,"4":1},"f":{"0":1,"1":1},"b":{},"_coverageSchema":"1a1c01bbd47fc00a2c39e90264f33305004495a9","hash":"31b73553648683fc9634a91309acdf3adc7a3b5c"}
,"/home/iqbal/Final Project/BengkelDex-server/services/app/models/user.js": {"path":"/home/iqbal/Final Project/BengkelDex-server/services/app/models/user.js","statementMap":{"0":{"start":{"line":2,"column":18},"end":{"line":2,"column":38}},"1":{"start":{"line":3,"column":0},"end":{"line":27,"column":2}},"2":{"start":{"line":9,"column":2},"end":{"line":25,"column":4}},"3":{"start":{"line":26,"column":2},"end":{"line":26,"column":14}}},"fnMap":{"0":{"name":"(anonymous_0)","decl":{"start":{"line":3,"column":17},"end":{"line":3,"column":18}},"loc":{"start":{"line":3,"column":43},"end":{"line":27,"column":1}},"line":3},"1":{"name":"(anonymous_1)","decl":{"start":{"line":5,"column":4},"end":{"line":5,"column":5}},"loc":{"start":{"line":5,"column":29},"end":{"line":7,"column":5}},"line":5}},"branchMap":{},"s":{"0":1,"1":1,"2":1,"3":1},"f":{"0":1,"1":1},"b":{},"_coverageSchema":"1a1c01bbd47fc00a2c39e90264f33305004495a9","hash":"dc4a38d65f23426f566e7487679971ab6e47b3fa"}
,"/home/iqbal/Final Project/BengkelDex-server/services/app/models/workshop.js": {"path":"/home/iqbal/Final Project/BengkelDex-server/services/app/models/workshop.js","statementMap":{"0":{"start":{"line":2,"column":18},"end":{"line":2,"column":38}},"1":{"start":{"line":3,"column":0},"end":{"line":63,"column":2}},"2":{"start":{"line":12,"column":6},"end":{"line":14,"column":9}},"3":{"start":{"line":17,"column":2},"end":{"line":61,"column":4}},"4":{"start":{"line":62,"column":2},"end":{"line":62,"column":18}}},"fnMap":{"0":{"name":"(anonymous_0)","decl":{"start":{"line":3,"column":17},"end":{"line":3,"column":18}},"loc":{"start":{"line":3,"column":43},"end":{"line":63,"column":1}},"line":3},"1":{"name":"(anonymous_1)","decl":{"start":{"line":10,"column":4},"end":{"line":10,"column":5}},"loc":{"start":{"line":10,"column":29},"end":{"line":15,"column":5}},"line":10}},"branchMap":{},"s":{"0":1,"1":1,"2":1,"3":1,"4":1},"f":{"0":1,"1":1},"b":{},"_coverageSchema":"1a1c01bbd47fc00a2c39e90264f33305004495a9","hash":"d3ac3385cfaf5d1038e41378aac123022bdbb463"}
,"/home/iqbal/Final Project/BengkelDex-server/services/app/routes/customers.js": {"path":"/home/iqbal/Final Project/BengkelDex-server/services/app/routes/customers.js","statementMap":{"0":{"start":{"line":1,"column":16},"end":{"line":1,"column":34}},"1":{"start":{"line":2,"column":27},"end":{"line":2,"column":65}},"2":{"start":{"line":3,"column":15},"end":{"line":3,"column":31}},"3":{"start":{"line":4,"column":18},"end":{"line":4,"column":48}},"4":{"start":{"line":6,"column":0},"end":{"line":6,"column":54}},"5":{"start":{"line":7,"column":0},"end":{"line":7,"column":56}},"6":{"start":{"line":8,"column":0},"end":{"line":8,"column":18}},"7":{"start":{"line":9,"column":0},"end":{"line":9,"column":63}},"8":{"start":{"line":10,"column":0},"end":{"line":10,"column":66}},"9":{"start":{"line":11,"column":0},"end":{"line":11,"column":24}}},"fnMap":{},"branchMap":{},"s":{"0":1,"1":1,"2":1,"3":1,"4":1,"5":1,"6":1,"7":1,"8":1,"9":1},"f":{},"b":{},"_coverageSchema":"1a1c01bbd47fc00a2c39e90264f33305004495a9","hash":"373275911afec6c1761831d844fe76baee1014a7"}
,"/home/iqbal/Final Project/BengkelDex-server/services/app/routes/index.js": {"path":"/home/iqbal/Final Project/BengkelDex-server/services/app/routes/index.js","statementMap":{"0":{"start":{"line":1,"column":16},"end":{"line":1,"column":34}},"1":{"start":{"line":2,"column":15},"end":{"line":2,"column":31}},"2":{"start":{"line":3,"column":18},"end":{"line":3,"column":40}},"3":{"start":{"line":4,"column":18},"end":{"line":4,"column":40}},"4":{"start":{"line":6,"column":0},"end":{"line":6,"column":36}},"5":{"start":{"line":7,"column":0},"end":{"line":7,"column":36}},"6":{"start":{"line":9,"column":0},"end":{"line":9,"column":24}}},"fnMap":{},"branchMap":{},"s":{"0":1,"1":1,"2":1,"3":1,"4":1,"5":1,"6":1},"f":{},"b":{},"_coverageSchema":"1a1c01bbd47fc00a2c39e90264f33305004495a9","hash":"e36491fd792711a0e077ffca7f8335207a2d7a11"}
,"/home/iqbal/Final Project/BengkelDex-server/services/app/routes/workshops.js": {"path":"/home/iqbal/Final Project/BengkelDex-server/services/app/routes/workshops.js","statementMap":{"0":{"start":{"line":1,"column":16},"end":{"line":1,"column":34}},"1":{"start":{"line":2,"column":27},"end":{"line":2,"column":62}},"2":{"start":{"line":3,"column":15},"end":{"line":3,"column":31}},"3":{"start":{"line":5,"column":0},"end":{"line":5,"column":62}},"4":{"start":{"line":6,"column":0},"end":{"line":6,"column":56}},"5":{"start":{"line":7,"column":0},"end":{"line":7,"column":70}},"6":{"start":{"line":8,"column":0},"end":{"line":8,"column":76}},"7":{"start":{"line":9,"column":0},"end":{"line":9,"column":61}},"8":{"start":{"line":10,"column":0},"end":{"line":10,"column":62}},"9":{"start":{"line":12,"column":0},"end":{"line":12,"column":24}}},"fnMap":{},"branchMap":{},"s":{"0":1,"1":1,"2":1,"3":1,"4":1,"5":1,"6":1,"7":1,"8":1,"9":1},"f":{},"b":{},"_coverageSchema":"1a1c01bbd47fc00a2c39e90264f33305004495a9","hash":"7e8754fc4584ed58441757ade6de51be4614196e"}
}
