{"/home/iqbal/Final Project 3/BengkelDex-server/app.js": {"path":"/home/iqbal/Final Project 3/BengkelDex-server/app.js","statementMap":{"0":{"start":{"line":2,"column":0},"end":{"line":2,"column":27}},"1":{"start":{"line":3,"column":16},"end":{"line":3,"column":34}},"2":{"start":{"line":4,"column":12},"end":{"line":4,"column":21}},"3":{"start":{"line":5,"column":13},"end":{"line":5,"column":28}},"4":{"start":{"line":6,"column":13},"end":{"line":6,"column":37}},"5":{"start":{"line":7,"column":15},"end":{"line":7,"column":40}},"6":{"start":{"line":8,"column":22},"end":{"line":8,"column":58}},"7":{"start":{"line":10,"column":0},"end":{"line":10,"column":16}},"8":{"start":{"line":11,"column":0},"end":{"line":11,"column":24}},"9":{"start":{"line":12,"column":0},"end":{"line":12,"column":48}},"10":{"start":{"line":14,"column":0},"end":{"line":14,"column":21}},"11":{"start":{"line":15,"column":0},"end":{"line":15,"column":23}},"12":{"start":{"line":17,"column":0},"end":{"line":17,"column":20}}},"fnMap":{},"branchMap":{"0":{"loc":{"start":{"line":6,"column":13},"end":{"line":6,"column":37}},"type":"binary-expr","locations":[{"start":{"line":6,"column":13},"end":{"line":6,"column":29}},{"start":{"line":6,"column":33},"end":{"line":6,"column":37}}],"line":6}},"s":{"0":2,"1":2,"2":2,"3":2,"4":2,"5":2,"6":2,"7":2,"8":2,"9":2,"10":2,"11":2,"12":2},"f":{},"b":{"0":[2,2]},"_coverageSchema":"1a1c01bbd47fc00a2c39e90264f33305004495a9","hash":"a03c665d0309036581cb065e2551c865c1436eaa"}
,"/home/iqbal/Final Project 3/BengkelDex-server/controllers/customers.js": {"path":"/home/iqbal/Final Project 3/BengkelDex-server/controllers/customers.js","statementMap":{"0":{"start":{"line":2,"column":22},"end":{"line":2,"column":42}},"1":{"start":{"line":3,"column":17},"end":{"line":3,"column":43}},"2":{"start":{"line":4,"column":57},"end":{"line":4,"column":78}},"3":{"start":{"line":7,"column":4},"end":{"line":29,"column":5}},"4":{"start":{"line":8,"column":25},"end":{"line":11,"column":7}},"5":{"start":{"line":12,"column":59},"end":{"line":12,"column":67}},"6":{"start":{"line":13,"column":19},"end":{"line":23,"column":8}},"7":{"start":{"line":24,"column":6},"end":{"line":26,"column":9}},"8":{"start":{"line":28,"column":6},"end":{"line":28,"column":18}},"9":{"start":{"line":33,"column":4},"end":{"line":72,"column":5}},"10":{"start":{"line":34,"column":34},"end":{"line":34,"column":42}},"11":{"start":{"line":35,"column":19},"end":{"line":35,"column":59}},"12":{"start":{"line":36,"column":6},"end":{"line":38,"column":7}},"13":{"start":{"line":37,"column":8},"end":{"line":37,"column":40}},"14":{"start":{"line":40,"column":32},"end":{"line":40,"column":72}},"15":{"start":{"line":42,"column":6},"end":{"line":44,"column":7}},"16":{"start":{"line":43,"column":8},"end":{"line":43,"column":40}},"17":{"start":{"line":46,"column":20},"end":{"line":54,"column":8}},"18":{"start":{"line":55,"column":22},"end":{"line":65,"column":7}},"19":{"start":{"line":66,"column":6},"end":{"line":69,"column":9}},"20":{"start":{"line":71,"column":6},"end":{"line":71,"column":18}},"21":{"start":{"line":76,"column":4},"end":{"line":99,"column":5}},"22":{"start":{"line":77,"column":17},"end":{"line":77,"column":28}},"23":{"start":{"line":78,"column":44},"end":{"line":78,"column":52}},"24":{"start":{"line":79,"column":27},"end":{"line":82,"column":7}},"25":{"start":{"line":83,"column":24},"end":{"line":93,"column":7}},"26":{"start":{"line":94,"column":6},"end":{"line":96,"column":9}},"27":{"start":{"line":98,"column":6},"end":{"line":98,"column":18}},"28":{"start":{"line":103,"column":4},"end":{"line":138,"column":5}},"29":{"start":{"line":104,"column":23},"end":{"line":104,"column":49}},"30":{"start":{"line":105,"column":19},"end":{"line":105,"column":45}},"31":{"start":{"line":106,"column":18},"end":{"line":106,"column":44}},"32":{"start":{"line":108,"column":21},"end":{"line":130,"column":7}},"33":{"start":{"line":131,"column":6},"end":{"line":134,"column":9}},"34":{"start":{"line":132,"column":8},"end":{"line":132,"column":35}},"35":{"start":{"line":133,"column":8},"end":{"line":133,"column":27}},"36":{"start":{"line":135,"column":6},"end":{"line":135,"column":35}},"37":{"start":{"line":137,"column":6},"end":{"line":137,"column":18}},"38":{"start":{"line":142,"column":0},"end":{"line":142,"column":36}}},"fnMap":{"0":{"name":"(anonymous_0)","decl":{"start":{"line":6,"column":2},"end":{"line":6,"column":3}},"loc":{"start":{"line":6,"column":40},"end":{"line":30,"column":3}},"line":6},"1":{"name":"(anonymous_1)","decl":{"start":{"line":32,"column":2},"end":{"line":32,"column":3}},"loc":{"start":{"line":32,"column":45},"end":{"line":73,"column":3}},"line":32},"2":{"name":"(anonymous_2)","decl":{"start":{"line":75,"column":2},"end":{"line":75,"column":3}},"loc":{"start":{"line":75,"column":47},"end":{"line":100,"column":3}},"line":75},"3":{"name":"(anonymous_3)","decl":{"start":{"line":102,"column":2},"end":{"line":102,"column":3}},"loc":{"start":{"line":102,"column":52},"end":{"line":139,"column":3}},"line":102},"4":{"name":"(anonymous_4)","decl":{"start":{"line":131,"column":21},"end":{"line":131,"column":22}},"loc":{"start":{"line":131,"column":29},"end":{"line":134,"column":7}},"line":131}},"branchMap":{"0":{"loc":{"start":{"line":36,"column":6},"end":{"line":38,"column":7}},"type":"if","locations":[{"start":{"line":36,"column":6},"end":{"line":38,"column":7}},{"start":{},"end":{}}],"line":36},"1":{"loc":{"start":{"line":42,"column":6},"end":{"line":44,"column":7}},"type":"if","locations":[{"start":{"line":42,"column":6},"end":{"line":44,"column":7}},{"start":{},"end":{}}],"line":42},"2":{"loc":{"start":{"line":104,"column":23},"end":{"line":104,"column":49}},"type":"binary-expr","locations":[{"start":{"line":104,"column":23},"end":{"line":104,"column":41}},{"start":{"line":104,"column":45},"end":{"line":104,"column":49}}],"line":104},"3":{"loc":{"start":{"line":105,"column":19},"end":{"line":105,"column":45}},"type":"binary-expr","locations":[{"start":{"line":105,"column":19},"end":{"line":105,"column":33}},{"start":{"line":105,"column":37},"end":{"line":105,"column":45}}],"line":105},"4":{"loc":{"start":{"line":106,"column":18},"end":{"line":106,"column":44}},"type":"binary-expr","locations":[{"start":{"line":106,"column":18},"end":{"line":106,"column":31}},{"start":{"line":106,"column":35},"end":{"line":106,"column":44}}],"line":106}},"s":{"0":2,"1":2,"2":2,"3":0,"4":0,"5":0,"6":0,"7":0,"8":0,"9":0,"10":0,"11":0,"12":0,"13":0,"14":0,"15":0,"16":0,"17":0,"18":0,"19":0,"20":0,"21":0,"22":0,"23":0,"24":0,"25":0,"26":0,"27":0,"28":0,"29":0,"30":0,"31":0,"32":0,"33":0,"34":0,"35":0,"36":0,"37":0,"38":2},"f":{"0":0,"1":0,"2":0,"3":0,"4":0},"b":{"0":[0,0],"1":[0,0],"2":[0,0],"3":[0,0],"4":[0,0]},"_coverageSchema":"1a1c01bbd47fc00a2c39e90264f33305004495a9","hash":"c593dcb01c344a2cdad03af14b14daa857e01cba"}
,"/home/iqbal/Final Project 3/BengkelDex-server/controllers/orders.js": {"path":"/home/iqbal/Final Project 3/BengkelDex-server/controllers/orders.js","statementMap":{"0":{"start":{"line":1,"column":57},"end":{"line":1,"column":77}},"1":{"start":{"line":2,"column":15},"end":{"line":2,"column":35}},"2":{"start":{"line":6,"column":14},"end":{"line":6,"column":43}},"3":{"start":{"line":7,"column":4},"end":{"line":75,"column":5}},"4":{"start":{"line":8,"column":29},"end":{"line":8,"column":39}},"5":{"start":{"line":10,"column":50},"end":{"line":10,"column":58}},"6":{"start":{"line":12,"column":19},"end":{"line":19,"column":7}},"7":{"start":{"line":21,"column":23},"end":{"line":31,"column":7}},"8":{"start":{"line":32,"column":23},"end":{"line":32,"column":24}},"9":{"start":{"line":34,"column":31},"end":{"line":41,"column":7}},"10":{"start":{"line":43,"column":6},"end":{"line":43,"column":36}},"11":{"start":{"line":44,"column":24},"end":{"line":44,"column":26}},"12":{"start":{"line":46,"column":6},"end":{"line":53,"column":9}},"13":{"start":{"line":47,"column":8},"end":{"line":51,"column":11}},"14":{"start":{"line":52,"column":8},"end":{"line":52,"column":36}},"15":{"start":{"line":54,"column":6},"end":{"line":54,"column":68}},"16":{"start":{"line":55,"column":25},"end":{"line":65,"column":7}},"17":{"start":{"line":67,"column":6},"end":{"line":67,"column":23}},"18":{"start":{"line":69,"column":6},"end":{"line":71,"column":9}},"19":{"start":{"line":73,"column":6},"end":{"line":73,"column":19}},"20":{"start":{"line":74,"column":6},"end":{"line":74,"column":18}},"21":{"start":{"line":79,"column":4},"end":{"line":88,"column":5}},"22":{"start":{"line":80,"column":21},"end":{"line":84,"column":8}},"23":{"start":{"line":85,"column":6},"end":{"line":85,"column":35}},"24":{"start":{"line":87,"column":6},"end":{"line":87,"column":18}},"25":{"start":{"line":92,"column":4},"end":{"line":111,"column":5}},"26":{"start":{"line":93,"column":20},"end":{"line":107,"column":8}},"27":{"start":{"line":108,"column":6},"end":{"line":108,"column":34}},"28":{"start":{"line":110,"column":6},"end":{"line":110,"column":18}},"29":{"start":{"line":115,"column":0},"end":{"line":115,"column":33}}},"fnMap":{"0":{"name":"(anonymous_0)","decl":{"start":{"line":5,"column":2},"end":{"line":5,"column":3}},"loc":{"start":{"line":5,"column":43},"end":{"line":76,"column":3}},"line":5},"1":{"name":"(anonymous_1)","decl":{"start":{"line":46,"column":31},"end":{"line":46,"column":32}},"loc":{"start":{"line":46,"column":44},"end":{"line":53,"column":7}},"line":46},"2":{"name":"(anonymous_2)","decl":{"start":{"line":78,"column":2},"end":{"line":78,"column":3}},"loc":{"start":{"line":78,"column":44},"end":{"line":89,"column":3}},"line":78},"3":{"name":"(anonymous_3)","decl":{"start":{"line":91,"column":2},"end":{"line":91,"column":3}},"loc":{"start":{"line":91,"column":51},"end":{"line":112,"column":3}},"line":91}},"branchMap":{},"s":{"0":2,"1":2,"2":0,"3":0,"4":0,"5":0,"6":0,"7":0,"8":0,"9":0,"10":0,"11":0,"12":0,"13":0,"14":0,"15":0,"16":0,"17":0,"18":0,"19":0,"20":0,"21":0,"22":0,"23":0,"24":0,"25":0,"26":0,"27":0,"28":0,"29":2},"f":{"0":0,"1":0,"2":0,"3":0},"b":{},"_coverageSchema":"1a1c01bbd47fc00a2c39e90264f33305004495a9","hash":"76535b18e53b813a413ee4c2aed039e10b7a7a7c"}
,"/home/iqbal/Final Project 3/BengkelDex-server/controllers/payment.js": {"path":"/home/iqbal/Final Project 3/BengkelDex-server/controllers/payment.js","statementMap":{"0":{"start":{"line":1,"column":45},"end":{"line":1,"column":65}},"1":{"start":{"line":4,"column":14},"end":{"line":4,"column":43}},"2":{"start":{"line":5,"column":4},"end":{"line":68,"column":5}},"3":{"start":{"line":6,"column":26},"end":{"line":6,"column":36}},"4":{"start":{"line":8,"column":37},"end":{"line":8,"column":46}},"5":{"start":{"line":10,"column":20},"end":{"line":10,"column":69}},"6":{"start":{"line":11,"column":6},"end":{"line":59,"column":7}},"7":{"start":{"line":12,"column":8},"end":{"line":22,"column":10}},"8":{"start":{"line":24,"column":21},"end":{"line":24,"column":68}},"9":{"start":{"line":25,"column":28},"end":{"line":33,"column":9}},"10":{"start":{"line":35,"column":25},"end":{"line":35,"column":80}},"11":{"start":{"line":36,"column":24},"end":{"line":46,"column":9}},"12":{"start":{"line":48,"column":29},"end":{"line":58,"column":9}},"13":{"start":{"line":60,"column":6},"end":{"line":60,"column":23}},"14":{"start":{"line":61,"column":6},"end":{"line":63,"column":9}},"15":{"start":{"line":65,"column":6},"end":{"line":65,"column":25}},"16":{"start":{"line":66,"column":6},"end":{"line":66,"column":19}},"17":{"start":{"line":67,"column":6},"end":{"line":67,"column":18}},"18":{"start":{"line":72,"column":0},"end":{"line":72,"column":35}}},"fnMap":{"0":{"name":"(anonymous_0)","decl":{"start":{"line":3,"column":2},"end":{"line":3,"column":3}},"loc":{"start":{"line":3,"column":41},"end":{"line":69,"column":3}},"line":3}},"branchMap":{"0":{"loc":{"start":{"line":11,"column":6},"end":{"line":59,"column":7}},"type":"if","locations":[{"start":{"line":11,"column":6},"end":{"line":59,"column":7}},{"start":{"line":23,"column":13},"end":{"line":59,"column":7}}],"line":11}},"s":{"0":2,"1":0,"2":0,"3":0,"4":0,"5":0,"6":0,"7":0,"8":0,"9":0,"10":0,"11":0,"12":0,"13":0,"14":0,"15":0,"16":0,"17":0,"18":2},"f":{"0":0},"b":{"0":[0,0]},"_coverageSchema":"1a1c01bbd47fc00a2c39e90264f33305004495a9","hash":"a3e02c061796884b1acb40815b0b91268ad4eacf"}
,"/home/iqbal/Final Project 3/BengkelDex-server/controllers/workshops.js": {"path":"/home/iqbal/Final Project 3/BengkelDex-server/controllers/workshops.js","statementMap":{"0":{"start":{"line":2,"column":57},"end":{"line":2,"column":78}},"1":{"start":{"line":3,"column":47},"end":{"line":3,"column":67}},"2":{"start":{"line":6,"column":4},"end":{"line":30,"column":5}},"3":{"start":{"line":7,"column":91},"end":{"line":7,"column":99}},"4":{"start":{"line":8,"column":31},"end":{"line":11,"column":7}},"5":{"start":{"line":12,"column":26},"end":{"line":22,"column":8}},"6":{"start":{"line":23,"column":6},"end":{"line":27,"column":9}},"7":{"start":{"line":29,"column":6},"end":{"line":29,"column":18}},"8":{"start":{"line":34,"column":4},"end":{"line":78,"column":5}},"9":{"start":{"line":35,"column":34},"end":{"line":35,"column":42}},"10":{"start":{"line":36,"column":23},"end":{"line":36,"column":67}},"11":{"start":{"line":37,"column":6},"end":{"line":39,"column":7}},"12":{"start":{"line":38,"column":8},"end":{"line":38,"column":40}},"13":{"start":{"line":41,"column":32},"end":{"line":41,"column":76}},"14":{"start":{"line":42,"column":6},"end":{"line":44,"column":7}},"15":{"start":{"line":43,"column":8},"end":{"line":43,"column":40}},"16":{"start":{"line":46,"column":20},"end":{"line":56,"column":8}},"17":{"start":{"line":58,"column":22},"end":{"line":70,"column":7}},"18":{"start":{"line":72,"column":6},"end":{"line":75,"column":9}},"19":{"start":{"line":77,"column":6},"end":{"line":77,"column":18}},"20":{"start":{"line":82,"column":4},"end":{"line":90,"column":5}},"21":{"start":{"line":83,"column":29},"end":{"line":83,"column":39}},"22":{"start":{"line":84,"column":23},"end":{"line":84,"column":72}},"23":{"start":{"line":85,"column":23},"end":{"line":85,"column":84}},"24":{"start":{"line":87,"column":6},"end":{"line":87,"column":37}},"25":{"start":{"line":89,"column":6},"end":{"line":89,"column":18}},"26":{"start":{"line":94,"column":4},"end":{"line":114,"column":5}},"27":{"start":{"line":95,"column":29},"end":{"line":95,"column":39}},"28":{"start":{"line":96,"column":52},"end":{"line":96,"column":60}},"29":{"start":{"line":98,"column":25},"end":{"line":104,"column":8}},"30":{"start":{"line":106,"column":6},"end":{"line":111,"column":9}},"31":{"start":{"line":113,"column":6},"end":{"line":113,"column":18}},"32":{"start":{"line":118,"column":4},"end":{"line":128,"column":5}},"33":{"start":{"line":119,"column":29},"end":{"line":119,"column":39}},"34":{"start":{"line":120,"column":29},"end":{"line":120,"column":37}},"35":{"start":{"line":121,"column":6},"end":{"line":121,"column":75}},"36":{"start":{"line":123,"column":6},"end":{"line":125,"column":9}},"37":{"start":{"line":127,"column":6},"end":{"line":127,"column":18}},"38":{"start":{"line":132,"column":4},"end":{"line":169,"column":5}},"39":{"start":{"line":133,"column":23},"end":{"line":133,"column":49}},"40":{"start":{"line":134,"column":19},"end":{"line":134,"column":45}},"41":{"start":{"line":135,"column":18},"end":{"line":135,"column":44}},"42":{"start":{"line":137,"column":21},"end":{"line":159,"column":7}},"43":{"start":{"line":161,"column":6},"end":{"line":164,"column":9}},"44":{"start":{"line":162,"column":8},"end":{"line":162,"column":35}},"45":{"start":{"line":163,"column":8},"end":{"line":163,"column":27}},"46":{"start":{"line":166,"column":6},"end":{"line":166,"column":35}},"47":{"start":{"line":168,"column":6},"end":{"line":168,"column":18}},"48":{"start":{"line":173,"column":4},"end":{"line":191,"column":5}},"49":{"start":{"line":174,"column":29},"end":{"line":174,"column":39}},"50":{"start":{"line":175,"column":23},"end":{"line":186,"column":8}},"51":{"start":{"line":187,"column":6},"end":{"line":187,"column":56}},"52":{"start":{"line":188,"column":6},"end":{"line":188,"column":37}},"53":{"start":{"line":190,"column":6},"end":{"line":190,"column":18}},"54":{"start":{"line":195,"column":0},"end":{"line":195,"column":36}}},"fnMap":{"0":{"name":"(anonymous_0)","decl":{"start":{"line":5,"column":2},"end":{"line":5,"column":3}},"loc":{"start":{"line":5,"column":48},"end":{"line":31,"column":3}},"line":5},"1":{"name":"(anonymous_1)","decl":{"start":{"line":33,"column":2},"end":{"line":33,"column":3}},"loc":{"start":{"line":33,"column":45},"end":{"line":79,"column":3}},"line":33},"2":{"name":"(anonymous_2)","decl":{"start":{"line":81,"column":2},"end":{"line":81,"column":3}},"loc":{"start":{"line":81,"column":51},"end":{"line":91,"column":3}},"line":81},"3":{"name":"(anonymous_3)","decl":{"start":{"line":93,"column":2},"end":{"line":93,"column":3}},"loc":{"start":{"line":93,"column":44},"end":{"line":115,"column":3}},"line":93},"4":{"name":"(anonymous_4)","decl":{"start":{"line":117,"column":2},"end":{"line":117,"column":3}},"loc":{"start":{"line":117,"column":44},"end":{"line":129,"column":3}},"line":117},"5":{"name":"(anonymous_5)","decl":{"start":{"line":131,"column":2},"end":{"line":131,"column":3}},"loc":{"start":{"line":131,"column":48},"end":{"line":170,"column":3}},"line":131},"6":{"name":"(anonymous_6)","decl":{"start":{"line":161,"column":21},"end":{"line":161,"column":22}},"loc":{"start":{"line":161,"column":29},"end":{"line":164,"column":7}},"line":161},"7":{"name":"(anonymous_7)","decl":{"start":{"line":172,"column":2},"end":{"line":172,"column":3}},"loc":{"start":{"line":172,"column":49},"end":{"line":192,"column":3}},"line":172}},"branchMap":{"0":{"loc":{"start":{"line":7,"column":59},"end":{"line":7,"column":72}},"type":"default-arg","locations":[{"start":{"line":7,"column":71},"end":{"line":7,"column":72}}],"line":7},"1":{"loc":{"start":{"line":7,"column":74},"end":{"line":7,"column":86}},"type":"default-arg","locations":[{"start":{"line":7,"column":85},"end":{"line":7,"column":86}}],"line":7},"2":{"loc":{"start":{"line":37,"column":6},"end":{"line":39,"column":7}},"type":"if","locations":[{"start":{"line":37,"column":6},"end":{"line":39,"column":7}},{"start":{},"end":{}}],"line":37},"3":{"loc":{"start":{"line":42,"column":6},"end":{"line":44,"column":7}},"type":"if","locations":[{"start":{"line":42,"column":6},"end":{"line":44,"column":7}},{"start":{},"end":{}}],"line":42},"4":{"loc":{"start":{"line":133,"column":23},"end":{"line":133,"column":49}},"type":"binary-expr","locations":[{"start":{"line":133,"column":23},"end":{"line":133,"column":41}},{"start":{"line":133,"column":45},"end":{"line":133,"column":49}}],"line":133},"5":{"loc":{"start":{"line":134,"column":19},"end":{"line":134,"column":45}},"type":"binary-expr","locations":[{"start":{"line":134,"column":19},"end":{"line":134,"column":33}},{"start":{"line":134,"column":37},"end":{"line":134,"column":45}}],"line":134},"6":{"loc":{"start":{"line":135,"column":18},"end":{"line":135,"column":44}},"type":"binary-expr","locations":[{"start":{"line":135,"column":18},"end":{"line":135,"column":31}},{"start":{"line":135,"column":35},"end":{"line":135,"column":44}}],"line":135}},"s":{"0":2,"1":2,"2":4,"3":4,"4":4,"5":4,"6":2,"7":2,"8":2,"9":2,"10":2,"11":2,"12":0,"13":2,"14":2,"15":1,"16":1,"17":0,"18":0,"19":2,"20":0,"21":0,"22":0,"23":0,"24":0,"25":0,"26":0,"27":0,"28":0,"29":0,"30":0,"31":0,"32":1,"33":1,"34":1,"35":1,"36":1,"37":0,"38":0,"39":0,"40":0,"41":0,"42":0,"43":0,"44":0,"45":0,"46":0,"47":0,"48":0,"49":0,"50":0,"51":0,"52":0,"53":0,"54":2},"f":{"0":4,"1":2,"2":0,"3":0,"4":1,"5":0,"6":0,"7":0},"b":{"0":[0],"1":[0],"2":[0,2],"3":[1,1],"4":[0,0],"5":[0,0],"6":[0,0]},"_coverageSchema":"1a1c01bbd47fc00a2c39e90264f33305004495a9","hash":"eacd437ab3cdb365fb05d4e30a9c6dad70dcdc75"}
,"/home/iqbal/Final Project 3/BengkelDex-server/helpers/index.js": {"path":"/home/iqbal/Final Project 3/BengkelDex-server/helpers/index.js","statementMap":{"0":{"start":{"line":1,"column":15},"end":{"line":1,"column":32}},"1":{"start":{"line":2,"column":12},"end":{"line":2,"column":35}},"2":{"start":{"line":5,"column":2},"end":{"line":5,"column":39}},"3":{"start":{"line":9,"column":2},"end":{"line":9,"column":44}},"4":{"start":{"line":13,"column":2},"end":{"line":13,"column":48}},"5":{"start":{"line":17,"column":2},"end":{"line":17,"column":51}},"6":{"start":{"line":20,"column":0},"end":{"line":25,"column":2}}},"fnMap":{"0":{"name":"hashPassword","decl":{"start":{"line":4,"column":9},"end":{"line":4,"column":21}},"loc":{"start":{"line":4,"column":32},"end":{"line":6,"column":1}},"line":4},"1":{"name":"comparePassword","decl":{"start":{"line":8,"column":9},"end":{"line":8,"column":24}},"loc":{"start":{"line":8,"column":41},"end":{"line":10,"column":1}},"line":8},"2":{"name":"generateToken","decl":{"start":{"line":12,"column":9},"end":{"line":12,"column":22}},"loc":{"start":{"line":12,"column":29},"end":{"line":14,"column":1}},"line":12},"3":{"name":"verifyToken","decl":{"start":{"line":16,"column":9},"end":{"line":16,"column":20}},"loc":{"start":{"line":16,"column":28},"end":{"line":18,"column":1}},"line":16}},"branchMap":{},"s":{"0":2,"1":2,"2":9,"3":2,"4":1,"5":0,"6":2},"f":{"0":9,"1":2,"2":1,"3":0},"b":{},"_coverageSchema":"1a1c01bbd47fc00a2c39e90264f33305004495a9","hash":"d4014dfd98ad5b36d71731dd43acd2f4b65955fb"}
,"/home/iqbal/Final Project 3/BengkelDex-server/middleware/authn.js": {"path":"/home/iqbal/Final Project 3/BengkelDex-server/middleware/authn.js","statementMap":{"0":{"start":{"line":1,"column":24},"end":{"line":1,"column":54}},"1":{"start":{"line":2,"column":17},"end":{"line":2,"column":43}},"2":{"start":{"line":4,"column":14},"end":{"line":19,"column":1}},"3":{"start":{"line":5,"column":2},"end":{"line":18,"column":3}},"4":{"start":{"line":6,"column":29},"end":{"line":6,"column":40}},"5":{"start":{"line":7,"column":20},"end":{"line":7,"column":45}},"6":{"start":{"line":8,"column":22},"end":{"line":8,"column":53}},"7":{"start":{"line":10,"column":4},"end":{"line":14,"column":6}},"8":{"start":{"line":15,"column":4},"end":{"line":15,"column":11}},"9":{"start":{"line":17,"column":4},"end":{"line":17,"column":14}},"10":{"start":{"line":21,"column":0},"end":{"line":21,"column":23}}},"fnMap":{"0":{"name":"(anonymous_0)","decl":{"start":{"line":4,"column":14},"end":{"line":4,"column":15}},"loc":{"start":{"line":4,"column":40},"end":{"line":19,"column":1}},"line":4}},"branchMap":{},"s":{"0":2,"1":2,"2":2,"3":0,"4":0,"5":0,"6":0,"7":0,"8":0,"9":0,"10":2},"f":{"0":0},"b":{},"_coverageSchema":"1a1c01bbd47fc00a2c39e90264f33305004495a9","hash":"68c58c070e3c8f32fa331e88b02bf9bfacbd16ff"}
,"/home/iqbal/Final Project 3/BengkelDex-server/middleware/errorHandler.js": {"path":"/home/iqbal/Final Project 3/BengkelDex-server/middleware/errorHandler.js","statementMap":{"0":{"start":{"line":1,"column":22},"end":{"line":23,"column":1}},"1":{"start":{"line":2,"column":13},"end":{"line":2,"column":16}},"2":{"start":{"line":3,"column":12},"end":{"line":3,"column":35}},"3":{"start":{"line":5,"column":2},"end":{"line":17,"column":3}},"4":{"start":{"line":6,"column":4},"end":{"line":6,"column":15}},"5":{"start":{"line":7,"column":4},"end":{"line":7,"column":32}},"6":{"start":{"line":8,"column":9},"end":{"line":17,"column":3}},"7":{"start":{"line":9,"column":4},"end":{"line":9,"column":15}},"8":{"start":{"line":10,"column":4},"end":{"line":10,"column":32}},"9":{"start":{"line":11,"column":9},"end":{"line":17,"column":3}},"10":{"start":{"line":12,"column":4},"end":{"line":12,"column":15}},"11":{"start":{"line":13,"column":4},"end":{"line":13,"column":41}},"12":{"start":{"line":14,"column":9},"end":{"line":17,"column":3}},"13":{"start":{"line":15,"column":4},"end":{"line":15,"column":15}},"14":{"start":{"line":16,"column":4},"end":{"line":16,"column":27}},"15":{"start":{"line":19,"column":2},"end":{"line":22,"column":5}},"16":{"start":{"line":25,"column":0},"end":{"line":25,"column":31}}},"fnMap":{"0":{"name":"(anonymous_0)","decl":{"start":{"line":1,"column":22},"end":{"line":1,"column":23}},"loc":{"start":{"line":1,"column":47},"end":{"line":23,"column":1}},"line":1}},"branchMap":{"0":{"loc":{"start":{"line":5,"column":2},"end":{"line":17,"column":3}},"type":"if","locations":[{"start":{"line":5,"column":2},"end":{"line":17,"column":3}},{"start":{"line":8,"column":9},"end":{"line":17,"column":3}}],"line":5},"1":{"loc":{"start":{"line":8,"column":9},"end":{"line":17,"column":3}},"type":"if","locations":[{"start":{"line":8,"column":9},"end":{"line":17,"column":3}},{"start":{"line":11,"column":9},"end":{"line":17,"column":3}}],"line":8},"2":{"loc":{"start":{"line":11,"column":9},"end":{"line":17,"column":3}},"type":"if","locations":[{"start":{"line":11,"column":9},"end":{"line":17,"column":3}},{"start":{"line":14,"column":9},"end":{"line":17,"column":3}}],"line":11},"3":{"loc":{"start":{"line":14,"column":9},"end":{"line":17,"column":3}},"type":"if","locations":[{"start":{"line":14,"column":9},"end":{"line":17,"column":3}},{"start":{},"end":{}}],"line":14}},"s":{"0":2,"1":4,"2":4,"3":4,"4":2,"5":2,"6":2,"7":0,"8":0,"9":2,"10":1,"11":1,"12":1,"13":0,"14":0,"15":4,"16":2},"f":{"0":4},"b":{"0":[2,2],"1":[0,2],"2":[1,1],"3":[0,1]},"_coverageSchema":"1a1c01bbd47fc00a2c39e90264f33305004495a9","hash":"ae19854ffbc1c9b8b59c777c45c73cf4a9b7cb0d"}
,"/home/iqbal/Final Project 3/BengkelDex-server/models/index.js": {"path":"/home/iqbal/Final Project 3/BengkelDex-server/models/index.js","statementMap":{"0":{"start":{"line":3,"column":11},"end":{"line":3,"column":24}},"1":{"start":{"line":4,"column":13},"end":{"line":4,"column":28}},"2":{"start":{"line":5,"column":18},"end":{"line":5,"column":38}},"3":{"start":{"line":6,"column":17},"end":{"line":6,"column":42}},"4":{"start":{"line":7,"column":12},"end":{"line":7,"column":49}},"5":{"start":{"line":8,"column":15},"end":{"line":8,"column":65}},"6":{"start":{"line":9,"column":11},"end":{"line":9,"column":13}},"7":{"start":{"line":12,"column":0},"end":{"line":16,"column":1}},"8":{"start":{"line":13,"column":2},"end":{"line":13,"column":74}},"9":{"start":{"line":15,"column":2},"end":{"line":15,"column":87}},"10":{"start":{"line":18,"column":0},"end":{"line":26,"column":5}},"11":{"start":{"line":21,"column":4},"end":{"line":21,"column":90}},"12":{"start":{"line":24,"column":18},"end":{"line":24,"column":85}},"13":{"start":{"line":25,"column":4},"end":{"line":25,"column":27}},"14":{"start":{"line":28,"column":0},"end":{"line":32,"column":3}},"15":{"start":{"line":29,"column":2},"end":{"line":31,"column":3}},"16":{"start":{"line":30,"column":4},"end":{"line":30,"column":32}},"17":{"start":{"line":34,"column":0},"end":{"line":34,"column":25}},"18":{"start":{"line":35,"column":0},"end":{"line":35,"column":25}},"19":{"start":{"line":37,"column":0},"end":{"line":37,"column":20}}},"fnMap":{"0":{"name":"(anonymous_0)","decl":{"start":{"line":20,"column":10},"end":{"line":20,"column":11}},"loc":{"start":{"line":20,"column":18},"end":{"line":22,"column":3}},"line":20},"1":{"name":"(anonymous_1)","decl":{"start":{"line":23,"column":11},"end":{"line":23,"column":12}},"loc":{"start":{"line":23,"column":19},"end":{"line":26,"column":3}},"line":23},"2":{"name":"(anonymous_2)","decl":{"start":{"line":28,"column":24},"end":{"line":28,"column":25}},"loc":{"start":{"line":28,"column":37},"end":{"line":32,"column":1}},"line":28}},"branchMap":{"0":{"loc":{"start":{"line":7,"column":12},"end":{"line":7,"column":49}},"type":"binary-expr","locations":[{"start":{"line":7,"column":12},"end":{"line":7,"column":32}},{"start":{"line":7,"column":36},"end":{"line":7,"column":49}}],"line":7},"1":{"loc":{"start":{"line":12,"column":0},"end":{"line":16,"column":1}},"type":"if","locations":[{"start":{"line":12,"column":0},"end":{"line":16,"column":1}},{"start":{"line":14,"column":7},"end":{"line":16,"column":1}}],"line":12},"2":{"loc":{"start":{"line":21,"column":11},"end":{"line":21,"column":89}},"type":"binary-expr","locations":[{"start":{"line":21,"column":12},"end":{"line":21,"column":35}},{"start":{"line":21,"column":41},"end":{"line":21,"column":58}},{"start":{"line":21,"column":64},"end":{"line":21,"column":88}}],"line":21},"3":{"loc":{"start":{"line":29,"column":2},"end":{"line":31,"column":3}},"type":"if","locations":[{"start":{"line":29,"column":2},"end":{"line":31,"column":3}},{"start":{},"end":{}}],"line":29}},"s":{"0":2,"1":2,"2":2,"3":2,"4":2,"5":2,"6":2,"7":2,"8":0,"9":2,"10":2,"11":12,"12":10,"13":10,"14":2,"15":10,"16":10,"17":2,"18":2,"19":2},"f":{"0":12,"1":10,"2":10},"b":{"0":[2,0],"1":[0,2],"2":[12,12,10],"3":[10,0]},"_coverageSchema":"1a1c01bbd47fc00a2c39e90264f33305004495a9","hash":"b622f4f3d5fa37b19cc85803f818368e93a38a75"}
,"/home/iqbal/Final Project 3/BengkelDex-server/models/order.js": {"path":"/home/iqbal/Final Project 3/BengkelDex-server/models/order.js","statementMap":{"0":{"start":{"line":2,"column":18},"end":{"line":2,"column":38}},"1":{"start":{"line":3,"column":0},"end":{"line":30,"column":2}},"2":{"start":{"line":12,"column":6},"end":{"line":12,"column":40}},"3":{"start":{"line":15,"column":2},"end":{"line":28,"column":4}},"4":{"start":{"line":29,"column":2},"end":{"line":29,"column":15}}},"fnMap":{"0":{"name":"(anonymous_0)","decl":{"start":{"line":3,"column":17},"end":{"line":3,"column":18}},"loc":{"start":{"line":3,"column":43},"end":{"line":30,"column":1}},"line":3},"1":{"name":"(anonymous_1)","decl":{"start":{"line":10,"column":4},"end":{"line":10,"column":5}},"loc":{"start":{"line":10,"column":29},"end":{"line":13,"column":5}},"line":10}},"branchMap":{},"s":{"0":2,"1":2,"2":2,"3":2,"4":2},"f":{"0":2,"1":2},"b":{},"_coverageSchema":"1a1c01bbd47fc00a2c39e90264f33305004495a9","hash":"2798a8b32f31db1bbfd7baa10898d3bd860b9e84"}
,"/home/iqbal/Final Project 3/BengkelDex-server/models/orderdetail.js": {"path":"/home/iqbal/Final Project 3/BengkelDex-server/models/orderdetail.js","statementMap":{"0":{"start":{"line":2,"column":18},"end":{"line":2,"column":38}},"1":{"start":{"line":3,"column":0},"end":{"line":28,"column":2}},"2":{"start":{"line":12,"column":6},"end":{"line":12,"column":42}},"3":{"start":{"line":13,"column":6},"end":{"line":13,"column":44}},"4":{"start":{"line":16,"column":2},"end":{"line":26,"column":4}},"5":{"start":{"line":27,"column":2},"end":{"line":27,"column":21}}},"fnMap":{"0":{"name":"(anonymous_0)","decl":{"start":{"line":3,"column":17},"end":{"line":3,"column":18}},"loc":{"start":{"line":3,"column":43},"end":{"line":28,"column":1}},"line":3},"1":{"name":"(anonymous_1)","decl":{"start":{"line":10,"column":4},"end":{"line":10,"column":5}},"loc":{"start":{"line":10,"column":29},"end":{"line":14,"column":5}},"line":10}},"branchMap":{},"s":{"0":2,"1":2,"2":2,"3":2,"4":2,"5":2},"f":{"0":2,"1":2},"b":{},"_coverageSchema":"1a1c01bbd47fc00a2c39e90264f33305004495a9","hash":"f152a0da9ce72ce2ec7d7cecb4927e422cb11fd6"}
,"/home/iqbal/Final Project 3/BengkelDex-server/models/service.js": {"path":"/home/iqbal/Final Project 3/BengkelDex-server/models/service.js","statementMap":{"0":{"start":{"line":2,"column":18},"end":{"line":2,"column":38}},"1":{"start":{"line":3,"column":0},"end":{"line":31,"column":2}},"2":{"start":{"line":12,"column":6},"end":{"line":14,"column":9}},"3":{"start":{"line":15,"column":6},"end":{"line":15,"column":41}},"4":{"start":{"line":18,"column":2},"end":{"line":29,"column":4}},"5":{"start":{"line":30,"column":2},"end":{"line":30,"column":17}}},"fnMap":{"0":{"name":"(anonymous_0)","decl":{"start":{"line":3,"column":17},"end":{"line":3,"column":18}},"loc":{"start":{"line":3,"column":43},"end":{"line":31,"column":1}},"line":3},"1":{"name":"(anonymous_1)","decl":{"start":{"line":10,"column":4},"end":{"line":10,"column":5}},"loc":{"start":{"line":10,"column":29},"end":{"line":16,"column":5}},"line":10}},"branchMap":{},"s":{"0":2,"1":2,"2":2,"3":2,"4":2,"5":2},"f":{"0":2,"1":2},"b":{},"_coverageSchema":"1a1c01bbd47fc00a2c39e90264f33305004495a9","hash":"e212bb2cb27b1c9c07ada388a3c343ab48e7df4b"}
,"/home/iqbal/Final Project 3/BengkelDex-server/models/user.js": {"path":"/home/iqbal/Final Project 3/BengkelDex-server/models/user.js","statementMap":{"0":{"start":{"line":2,"column":25},"end":{"line":2,"column":55}},"1":{"start":{"line":3,"column":18},"end":{"line":3,"column":38}},"2":{"start":{"line":4,"column":0},"end":{"line":73,"column":2}},"3":{"start":{"line":8,"column":6},"end":{"line":8,"column":33}},"4":{"start":{"line":11,"column":2},"end":{"line":66,"column":4}},"5":{"start":{"line":68,"column":2},"end":{"line":71,"column":5}},"6":{"start":{"line":69,"column":4},"end":{"line":69,"column":48}},"7":{"start":{"line":70,"column":4},"end":{"line":70,"column":16}},"8":{"start":{"line":72,"column":2},"end":{"line":72,"column":14}}},"fnMap":{"0":{"name":"(anonymous_0)","decl":{"start":{"line":4,"column":17},"end":{"line":4,"column":18}},"loc":{"start":{"line":4,"column":43},"end":{"line":73,"column":1}},"line":4},"1":{"name":"(anonymous_1)","decl":{"start":{"line":6,"column":4},"end":{"line":6,"column":5}},"loc":{"start":{"line":6,"column":29},"end":{"line":9,"column":5}},"line":6},"2":{"name":"(anonymous_2)","decl":{"start":{"line":68,"column":20},"end":{"line":68,"column":21}},"loc":{"start":{"line":68,"column":39},"end":{"line":71,"column":3}},"line":68}},"branchMap":{},"s":{"0":2,"1":2,"2":2,"3":2,"4":2,"5":2,"6":2,"7":2,"8":2},"f":{"0":2,"1":2,"2":2},"b":{},"_coverageSchema":"1a1c01bbd47fc00a2c39e90264f33305004495a9","hash":"b399c93b90dc4997c75f4ba5ed32de0e5c1bdabd"}
,"/home/iqbal/Final Project 3/BengkelDex-server/models/workshop.js": {"path":"/home/iqbal/Final Project 3/BengkelDex-server/models/workshop.js","statementMap":{"0":{"start":{"line":2,"column":18},"end":{"line":2,"column":38}},"1":{"start":{"line":3,"column":0},"end":{"line":64,"column":2}},"2":{"start":{"line":12,"column":6},"end":{"line":14,"column":9}},"3":{"start":{"line":17,"column":2},"end":{"line":62,"column":4}},"4":{"start":{"line":63,"column":2},"end":{"line":63,"column":18}}},"fnMap":{"0":{"name":"(anonymous_0)","decl":{"start":{"line":3,"column":17},"end":{"line":3,"column":18}},"loc":{"start":{"line":3,"column":43},"end":{"line":64,"column":1}},"line":3},"1":{"name":"(anonymous_1)","decl":{"start":{"line":10,"column":4},"end":{"line":10,"column":5}},"loc":{"start":{"line":10,"column":29},"end":{"line":15,"column":5}},"line":10}},"branchMap":{},"s":{"0":2,"1":2,"2":2,"3":2,"4":2},"f":{"0":2,"1":2},"b":{},"_coverageSchema":"1a1c01bbd47fc00a2c39e90264f33305004495a9","hash":"dbf9dd4edd2ae905547e6ea18e7250ca5c813a2d"}
,"/home/iqbal/Final Project 3/BengkelDex-server/routes/customers.js": {"path":"/home/iqbal/Final Project 3/BengkelDex-server/routes/customers.js","statementMap":{"0":{"start":{"line":1,"column":16},"end":{"line":1,"column":34}},"1":{"start":{"line":2,"column":27},"end":{"line":2,"column":65}},"2":{"start":{"line":3,"column":15},"end":{"line":3,"column":31}},"3":{"start":{"line":4,"column":14},"end":{"line":4,"column":44}},"4":{"start":{"line":6,"column":0},"end":{"line":6,"column":54}},"5":{"start":{"line":7,"column":0},"end":{"line":7,"column":56}},"6":{"start":{"line":8,"column":0},"end":{"line":8,"column":70}},"7":{"start":{"line":9,"column":0},"end":{"line":9,"column":18}},"8":{"start":{"line":10,"column":0},"end":{"line":10,"column":63}},"9":{"start":{"line":11,"column":0},"end":{"line":11,"column":24}}},"fnMap":{},"branchMap":{},"s":{"0":2,"1":2,"2":2,"3":2,"4":2,"5":2,"6":2,"7":2,"8":2,"9":2},"f":{},"b":{},"_coverageSchema":"1a1c01bbd47fc00a2c39e90264f33305004495a9","hash":"6b1772407b2949be65c907178959a6bb3cd4dc7d"}
,"/home/iqbal/Final Project 3/BengkelDex-server/routes/index.js": {"path":"/home/iqbal/Final Project 3/BengkelDex-server/routes/index.js","statementMap":{"0":{"start":{"line":1,"column":16},"end":{"line":1,"column":34}},"1":{"start":{"line":2,"column":15},"end":{"line":2,"column":31}},"2":{"start":{"line":3,"column":18},"end":{"line":3,"column":40}},"3":{"start":{"line":4,"column":18},"end":{"line":4,"column":40}},"4":{"start":{"line":5,"column":15},"end":{"line":5,"column":34}},"5":{"start":{"line":6,"column":16},"end":{"line":6,"column":36}},"6":{"start":{"line":8,"column":0},"end":{"line":8,"column":36}},"7":{"start":{"line":9,"column":0},"end":{"line":9,"column":36}},"8":{"start":{"line":10,"column":0},"end":{"line":10,"column":31}},"9":{"start":{"line":11,"column":0},"end":{"line":11,"column":30}},"10":{"start":{"line":13,"column":0},"end":{"line":13,"column":24}}},"fnMap":{},"branchMap":{},"s":{"0":2,"1":2,"2":2,"3":2,"4":2,"5":2,"6":2,"7":2,"8":2,"9":2,"10":2},"f":{},"b":{},"_coverageSchema":"1a1c01bbd47fc00a2c39e90264f33305004495a9","hash":"0357309d40123460fb799e758b21682bb7b2765d"}
,"/home/iqbal/Final Project 3/BengkelDex-server/routes/orders.js": {"path":"/home/iqbal/Final Project 3/BengkelDex-server/routes/orders.js","statementMap":{"0":{"start":{"line":1,"column":16},"end":{"line":1,"column":34}},"1":{"start":{"line":2,"column":15},"end":{"line":2,"column":31}},"2":{"start":{"line":3,"column":14},"end":{"line":3,"column":44}},"3":{"start":{"line":4,"column":24},"end":{"line":4,"column":56}},"4":{"start":{"line":6,"column":0},"end":{"line":6,"column":18}},"5":{"start":{"line":7,"column":0},"end":{"line":7,"column":46}},"6":{"start":{"line":8,"column":0},"end":{"line":8,"column":57}},"7":{"start":{"line":9,"column":0},"end":{"line":9,"column":61}},"8":{"start":{"line":11,"column":0},"end":{"line":11,"column":24}}},"fnMap":{},"branchMap":{},"s":{"0":2,"1":2,"2":2,"3":2,"4":2,"5":2,"6":2,"7":2,"8":2},"f":{},"b":{},"_coverageSchema":"1a1c01bbd47fc00a2c39e90264f33305004495a9","hash":"57c7dc48e0e994cce6eecc30144b17d4b568b9ec"}
,"/home/iqbal/Final Project 3/BengkelDex-server/routes/payment.js": {"path":"/home/iqbal/Final Project 3/BengkelDex-server/routes/payment.js","statementMap":{"0":{"start":{"line":1,"column":16},"end":{"line":1,"column":34}},"1":{"start":{"line":2,"column":15},"end":{"line":2,"column":31}},"2":{"start":{"line":3,"column":26},"end":{"line":3,"column":59}},"3":{"start":{"line":5,"column":0},"end":{"line":5,"column":54}},"4":{"start":{"line":7,"column":0},"end":{"line":7,"column":24}}},"fnMap":{},"branchMap":{},"s":{"0":2,"1":2,"2":2,"3":2,"4":2},"f":{},"b":{},"_coverageSchema":"1a1c01bbd47fc00a2c39e90264f33305004495a9","hash":"aa0acce4e74c564630caa403c76bf0e497b121fb"}
,"/home/iqbal/Final Project 3/BengkelDex-server/routes/workshops.js": {"path":"/home/iqbal/Final Project 3/BengkelDex-server/routes/workshops.js","statementMap":{"0":{"start":{"line":1,"column":16},"end":{"line":1,"column":34}},"1":{"start":{"line":2,"column":27},"end":{"line":2,"column":62}},"2":{"start":{"line":3,"column":15},"end":{"line":3,"column":31}},"3":{"start":{"line":5,"column":0},"end":{"line":5,"column":62}},"4":{"start":{"line":6,"column":0},"end":{"line":6,"column":56}},"5":{"start":{"line":7,"column":0},"end":{"line":7,"column":70}},"6":{"start":{"line":8,"column":0},"end":{"line":8,"column":76}},"7":{"start":{"line":9,"column":0},"end":{"line":9,"column":62}},"8":{"start":{"line":10,"column":0},"end":{"line":10,"column":65}},"9":{"start":{"line":11,"column":0},"end":{"line":11,"column":62}},"10":{"start":{"line":13,"column":0},"end":{"line":13,"column":24}}},"fnMap":{},"branchMap":{},"s":{"0":2,"1":2,"2":2,"3":2,"4":2,"5":2,"6":2,"7":2,"8":2,"9":2,"10":2},"f":{},"b":{},"_coverageSchema":"1a1c01bbd47fc00a2c39e90264f33305004495a9","hash":"7cc5ecf27b383293b6203e4be2660d77921f0310"}
}
