{"/home/iqbal/Final Project 4/BengkelDex-server/app.js": {"path":"/home/iqbal/Final Project 4/BengkelDex-server/app.js","statementMap":{"0":{"start":{"line":2,"column":0},"end":{"line":2,"column":27}},"1":{"start":{"line":3,"column":16},"end":{"line":3,"column":34}},"2":{"start":{"line":4,"column":12},"end":{"line":4,"column":21}},"3":{"start":{"line":5,"column":13},"end":{"line":5,"column":28}},"4":{"start":{"line":6,"column":13},"end":{"line":6,"column":37}},"5":{"start":{"line":7,"column":15},"end":{"line":7,"column":40}},"6":{"start":{"line":8,"column":22},"end":{"line":8,"column":58}},"7":{"start":{"line":10,"column":0},"end":{"line":10,"column":16}},"8":{"start":{"line":11,"column":0},"end":{"line":11,"column":24}},"9":{"start":{"line":12,"column":0},"end":{"line":12,"column":48}},"10":{"start":{"line":14,"column":0},"end":{"line":14,"column":21}},"11":{"start":{"line":15,"column":0},"end":{"line":15,"column":23}},"12":{"start":{"line":17,"column":0},"end":{"line":17,"column":20}}},"fnMap":{},"branchMap":{"0":{"loc":{"start":{"line":6,"column":13},"end":{"line":6,"column":37}},"type":"binary-expr","locations":[{"start":{"line":6,"column":13},"end":{"line":6,"column":29}},{"start":{"line":6,"column":33},"end":{"line":6,"column":37}}],"line":6}},"s":{"0":4,"1":4,"2":4,"3":4,"4":4,"5":4,"6":4,"7":4,"8":4,"9":4,"10":4,"11":4,"12":4},"f":{},"b":{"0":[4,0]},"_coverageSchema":"1a1c01bbd47fc00a2c39e90264f33305004495a9","hash":"cc019b3a068ad2ab400b621fb1dddae8dc20622d"}
,"/home/iqbal/Final Project 4/BengkelDex-server/controllers/customers.js": {"path":"/home/iqbal/Final Project 4/BengkelDex-server/controllers/customers.js","statementMap":{"0":{"start":{"line":2,"column":22},"end":{"line":2,"column":42}},"1":{"start":{"line":3,"column":17},"end":{"line":3,"column":43}},"2":{"start":{"line":4,"column":57},"end":{"line":4,"column":78}},"3":{"start":{"line":7,"column":4},"end":{"line":29,"column":5}},"4":{"start":{"line":8,"column":25},"end":{"line":11,"column":7}},"5":{"start":{"line":12,"column":59},"end":{"line":12,"column":67}},"6":{"start":{"line":13,"column":19},"end":{"line":23,"column":8}},"7":{"start":{"line":24,"column":6},"end":{"line":26,"column":9}},"8":{"start":{"line":28,"column":6},"end":{"line":28,"column":18}},"9":{"start":{"line":33,"column":4},"end":{"line":72,"column":5}},"10":{"start":{"line":34,"column":34},"end":{"line":34,"column":42}},"11":{"start":{"line":35,"column":19},"end":{"line":35,"column":59}},"12":{"start":{"line":36,"column":6},"end":{"line":38,"column":7}},"13":{"start":{"line":37,"column":8},"end":{"line":37,"column":40}},"14":{"start":{"line":40,"column":32},"end":{"line":40,"column":72}},"15":{"start":{"line":42,"column":6},"end":{"line":44,"column":7}},"16":{"start":{"line":43,"column":8},"end":{"line":43,"column":40}},"17":{"start":{"line":46,"column":20},"end":{"line":54,"column":8}},"18":{"start":{"line":55,"column":22},"end":{"line":65,"column":7}},"19":{"start":{"line":66,"column":6},"end":{"line":69,"column":9}},"20":{"start":{"line":71,"column":6},"end":{"line":71,"column":18}},"21":{"start":{"line":76,"column":4},"end":{"line":99,"column":5}},"22":{"start":{"line":77,"column":17},"end":{"line":77,"column":28}},"23":{"start":{"line":78,"column":44},"end":{"line":78,"column":52}},"24":{"start":{"line":79,"column":27},"end":{"line":82,"column":7}},"25":{"start":{"line":83,"column":24},"end":{"line":93,"column":7}},"26":{"start":{"line":94,"column":6},"end":{"line":96,"column":9}},"27":{"start":{"line":98,"column":6},"end":{"line":98,"column":18}},"28":{"start":{"line":103,"column":4},"end":{"line":138,"column":5}},"29":{"start":{"line":104,"column":23},"end":{"line":104,"column":49}},"30":{"start":{"line":105,"column":19},"end":{"line":105,"column":45}},"31":{"start":{"line":106,"column":18},"end":{"line":106,"column":44}},"32":{"start":{"line":108,"column":21},"end":{"line":130,"column":7}},"33":{"start":{"line":131,"column":6},"end":{"line":134,"column":9}},"34":{"start":{"line":132,"column":8},"end":{"line":132,"column":35}},"35":{"start":{"line":133,"column":8},"end":{"line":133,"column":27}},"36":{"start":{"line":135,"column":6},"end":{"line":135,"column":35}},"37":{"start":{"line":137,"column":6},"end":{"line":137,"column":18}},"38":{"start":{"line":142,"column":0},"end":{"line":142,"column":36}}},"fnMap":{"0":{"name":"(anonymous_0)","decl":{"start":{"line":6,"column":2},"end":{"line":6,"column":3}},"loc":{"start":{"line":6,"column":40},"end":{"line":30,"column":3}},"line":6},"1":{"name":"(anonymous_1)","decl":{"start":{"line":32,"column":2},"end":{"line":32,"column":3}},"loc":{"start":{"line":32,"column":45},"end":{"line":73,"column":3}},"line":32},"2":{"name":"(anonymous_2)","decl":{"start":{"line":75,"column":2},"end":{"line":75,"column":3}},"loc":{"start":{"line":75,"column":47},"end":{"line":100,"column":3}},"line":75},"3":{"name":"(anonymous_3)","decl":{"start":{"line":102,"column":2},"end":{"line":102,"column":3}},"loc":{"start":{"line":102,"column":52},"end":{"line":139,"column":3}},"line":102},"4":{"name":"(anonymous_4)","decl":{"start":{"line":131,"column":21},"end":{"line":131,"column":22}},"loc":{"start":{"line":131,"column":29},"end":{"line":134,"column":7}},"line":131}},"branchMap":{"0":{"loc":{"start":{"line":36,"column":6},"end":{"line":38,"column":7}},"type":"if","locations":[{"start":{"line":36,"column":6},"end":{"line":38,"column":7}},{"start":{},"end":{}}],"line":36},"1":{"loc":{"start":{"line":42,"column":6},"end":{"line":44,"column":7}},"type":"if","locations":[{"start":{"line":42,"column":6},"end":{"line":44,"column":7}},{"start":{},"end":{}}],"line":42},"2":{"loc":{"start":{"line":104,"column":23},"end":{"line":104,"column":49}},"type":"binary-expr","locations":[{"start":{"line":104,"column":23},"end":{"line":104,"column":41}},{"start":{"line":104,"column":45},"end":{"line":104,"column":49}}],"line":104},"3":{"loc":{"start":{"line":105,"column":19},"end":{"line":105,"column":45}},"type":"binary-expr","locations":[{"start":{"line":105,"column":19},"end":{"line":105,"column":33}},{"start":{"line":105,"column":37},"end":{"line":105,"column":45}}],"line":105},"4":{"loc":{"start":{"line":106,"column":18},"end":{"line":106,"column":44}},"type":"binary-expr","locations":[{"start":{"line":106,"column":18},"end":{"line":106,"column":31}},{"start":{"line":106,"column":35},"end":{"line":106,"column":44}}],"line":106}},"s":{"0":4,"1":4,"2":4,"3":7,"4":7,"5":7,"6":7,"7":1,"8":6,"9":3,"10":3,"11":3,"12":3,"13":1,"14":2,"15":2,"16":1,"17":1,"18":1,"19":1,"20":2,"21":2,"22":2,"23":2,"24":2,"25":2,"26":1,"27":1,"28":2,"29":2,"30":2,"31":2,"32":2,"33":1,"34":0,"35":0,"36":1,"37":1,"38":4},"f":{"0":7,"1":3,"2":2,"3":2,"4":0},"b":{"0":[1,2],"1":[1,1],"2":[2,1],"3":[2,2],"4":[2,2]},"_coverageSchema":"1a1c01bbd47fc00a2c39e90264f33305004495a9","hash":"b3c658c2b86b567f238c538ee88146d08e9cdd48"}
,"/home/iqbal/Final Project 4/BengkelDex-server/controllers/orders.js": {"path":"/home/iqbal/Final Project 4/BengkelDex-server/controllers/orders.js","statementMap":{"0":{"start":{"line":1,"column":57},"end":{"line":1,"column":77}},"1":{"start":{"line":2,"column":15},"end":{"line":2,"column":35}},"2":{"start":{"line":6,"column":14},"end":{"line":6,"column":43}},"3":{"start":{"line":7,"column":4},"end":{"line":74,"column":5}},"4":{"start":{"line":8,"column":29},"end":{"line":8,"column":39}},"5":{"start":{"line":10,"column":50},"end":{"line":10,"column":58}},"6":{"start":{"line":12,"column":19},"end":{"line":19,"column":7}},"7":{"start":{"line":21,"column":23},"end":{"line":31,"column":7}},"8":{"start":{"line":32,"column":23},"end":{"line":32,"column":24}},"9":{"start":{"line":34,"column":31},"end":{"line":41,"column":7}},"10":{"start":{"line":43,"column":24},"end":{"line":43,"column":26}},"11":{"start":{"line":45,"column":6},"end":{"line":52,"column":9}},"12":{"start":{"line":46,"column":8},"end":{"line":50,"column":11}},"13":{"start":{"line":51,"column":8},"end":{"line":51,"column":36}},"14":{"start":{"line":53,"column":6},"end":{"line":53,"column":68}},"15":{"start":{"line":54,"column":25},"end":{"line":64,"column":7}},"16":{"start":{"line":66,"column":6},"end":{"line":66,"column":23}},"17":{"start":{"line":68,"column":6},"end":{"line":70,"column":9}},"18":{"start":{"line":72,"column":6},"end":{"line":72,"column":19}},"19":{"start":{"line":73,"column":6},"end":{"line":73,"column":18}},"20":{"start":{"line":78,"column":4},"end":{"line":87,"column":5}},"21":{"start":{"line":79,"column":21},"end":{"line":83,"column":8}},"22":{"start":{"line":84,"column":6},"end":{"line":84,"column":35}},"23":{"start":{"line":86,"column":6},"end":{"line":86,"column":18}},"24":{"start":{"line":91,"column":4},"end":{"line":110,"column":5}},"25":{"start":{"line":92,"column":20},"end":{"line":106,"column":8}},"26":{"start":{"line":107,"column":6},"end":{"line":107,"column":34}},"27":{"start":{"line":109,"column":6},"end":{"line":109,"column":18}},"28":{"start":{"line":114,"column":0},"end":{"line":114,"column":33}}},"fnMap":{"0":{"name":"(anonymous_0)","decl":{"start":{"line":5,"column":2},"end":{"line":5,"column":3}},"loc":{"start":{"line":5,"column":43},"end":{"line":75,"column":3}},"line":5},"1":{"name":"(anonymous_1)","decl":{"start":{"line":45,"column":31},"end":{"line":45,"column":32}},"loc":{"start":{"line":45,"column":44},"end":{"line":52,"column":7}},"line":45},"2":{"name":"(anonymous_2)","decl":{"start":{"line":77,"column":2},"end":{"line":77,"column":3}},"loc":{"start":{"line":77,"column":44},"end":{"line":88,"column":3}},"line":77},"3":{"name":"(anonymous_3)","decl":{"start":{"line":90,"column":2},"end":{"line":90,"column":3}},"loc":{"start":{"line":90,"column":51},"end":{"line":111,"column":3}},"line":90}},"branchMap":{},"s":{"0":4,"1":4,"2":2,"3":2,"4":2,"5":2,"6":2,"7":1,"8":1,"9":1,"10":1,"11":1,"12":1,"13":1,"14":1,"15":1,"16":1,"17":1,"18":1,"19":1,"20":1,"21":1,"22":1,"23":0,"24":2,"25":2,"26":1,"27":1,"28":4},"f":{"0":2,"1":1,"2":1,"3":2},"b":{},"_coverageSchema":"1a1c01bbd47fc00a2c39e90264f33305004495a9","hash":"ba4e209ddd3e6a12cb29229d19d28d2232acf115"}
,"/home/iqbal/Final Project 4/BengkelDex-server/controllers/payment.js": {"path":"/home/iqbal/Final Project 4/BengkelDex-server/controllers/payment.js","statementMap":{"0":{"start":{"line":1,"column":45},"end":{"line":1,"column":65}},"1":{"start":{"line":2,"column":13},"end":{"line":2,"column":50}},"2":{"start":{"line":3,"column":14},"end":{"line":3,"column":30}},"3":{"start":{"line":7,"column":14},"end":{"line":7,"column":43}},"4":{"start":{"line":8,"column":4},"end":{"line":71,"column":5}},"5":{"start":{"line":9,"column":26},"end":{"line":9,"column":36}},"6":{"start":{"line":11,"column":37},"end":{"line":11,"column":46}},"7":{"start":{"line":13,"column":20},"end":{"line":13,"column":69}},"8":{"start":{"line":14,"column":6},"end":{"line":62,"column":7}},"9":{"start":{"line":15,"column":8},"end":{"line":25,"column":10}},"10":{"start":{"line":27,"column":21},"end":{"line":27,"column":68}},"11":{"start":{"line":28,"column":28},"end":{"line":36,"column":9}},"12":{"start":{"line":38,"column":25},"end":{"line":38,"column":80}},"13":{"start":{"line":39,"column":24},"end":{"line":49,"column":9}},"14":{"start":{"line":51,"column":29},"end":{"line":61,"column":9}},"15":{"start":{"line":63,"column":6},"end":{"line":63,"column":23}},"16":{"start":{"line":64,"column":6},"end":{"line":66,"column":9}},"17":{"start":{"line":68,"column":6},"end":{"line":68,"column":44}},"18":{"start":{"line":69,"column":6},"end":{"line":69,"column":19}},"19":{"start":{"line":70,"column":6},"end":{"line":70,"column":18}},"20":{"start":{"line":75,"column":4},"end":{"line":151,"column":5}},"21":{"start":{"line":76,"column":24},"end":{"line":76,"column":32}},"22":{"start":{"line":77,"column":6},"end":{"line":79,"column":7}},"23":{"start":{"line":78,"column":8},"end":{"line":78,"column":18}},"24":{"start":{"line":80,"column":24},"end":{"line":80,"column":40}},"25":{"start":{"line":81,"column":22},"end":{"line":125,"column":7}},"26":{"start":{"line":129,"column":21},"end":{"line":139,"column":8}},"27":{"start":{"line":141,"column":6},"end":{"line":141,"column":36}},"28":{"start":{"line":143,"column":6},"end":{"line":147,"column":9}},"29":{"start":{"line":149,"column":6},"end":{"line":149,"column":23}},"30":{"start":{"line":150,"column":6},"end":{"line":150,"column":16}},"31":{"start":{"line":155,"column":4},"end":{"line":170,"column":5}},"32":{"start":{"line":156,"column":26},"end":{"line":156,"column":41}},"33":{"start":{"line":157,"column":6},"end":{"line":164,"column":8}},"34":{"start":{"line":166,"column":6},"end":{"line":166,"column":51}},"35":{"start":{"line":168,"column":6},"end":{"line":168,"column":25}},"36":{"start":{"line":169,"column":6},"end":{"line":169,"column":18}},"37":{"start":{"line":174,"column":0},"end":{"line":174,"column":35}}},"fnMap":{"0":{"name":"(anonymous_0)","decl":{"start":{"line":6,"column":2},"end":{"line":6,"column":3}},"loc":{"start":{"line":6,"column":41},"end":{"line":72,"column":3}},"line":6},"1":{"name":"(anonymous_1)","decl":{"start":{"line":74,"column":2},"end":{"line":74,"column":3}},"loc":{"start":{"line":74,"column":44},"end":{"line":152,"column":3}},"line":74},"2":{"name":"(anonymous_2)","decl":{"start":{"line":154,"column":2},"end":{"line":154,"column":3}},"loc":{"start":{"line":154,"column":45},"end":{"line":171,"column":3}},"line":154}},"branchMap":{"0":{"loc":{"start":{"line":14,"column":6},"end":{"line":62,"column":7}},"type":"if","locations":[{"start":{"line":14,"column":6},"end":{"line":62,"column":7}},{"start":{"line":26,"column":13},"end":{"line":62,"column":7}}],"line":14},"1":{"loc":{"start":{"line":77,"column":6},"end":{"line":79,"column":7}},"type":"if","locations":[{"start":{"line":77,"column":6},"end":{"line":79,"column":7}},{"start":{},"end":{}}],"line":77}},"s":{"0":4,"1":4,"2":4,"3":0,"4":0,"5":0,"6":0,"7":0,"8":0,"9":0,"10":0,"11":0,"12":0,"13":0,"14":0,"15":0,"16":0,"17":0,"18":0,"19":0,"20":0,"21":0,"22":0,"23":0,"24":0,"25":0,"26":0,"27":0,"28":0,"29":0,"30":0,"31":0,"32":0,"33":0,"34":0,"35":0,"36":0,"37":4},"f":{"0":0,"1":0,"2":0},"b":{"0":[0,0],"1":[0,0]},"_coverageSchema":"1a1c01bbd47fc00a2c39e90264f33305004495a9","hash":"c986af5be5b594b1609382cdae04521167b858b2"}
,"/home/iqbal/Final Project 4/BengkelDex-server/controllers/workshops.js": {"path":"/home/iqbal/Final Project 4/BengkelDex-server/controllers/workshops.js","statementMap":{"0":{"start":{"line":2,"column":57},"end":{"line":2,"column":78}},"1":{"start":{"line":3,"column":47},"end":{"line":3,"column":67}},"2":{"start":{"line":6,"column":4},"end":{"line":30,"column":5}},"3":{"start":{"line":7,"column":91},"end":{"line":7,"column":99}},"4":{"start":{"line":8,"column":31},"end":{"line":11,"column":7}},"5":{"start":{"line":12,"column":26},"end":{"line":22,"column":8}},"6":{"start":{"line":23,"column":6},"end":{"line":27,"column":9}},"7":{"start":{"line":29,"column":6},"end":{"line":29,"column":18}},"8":{"start":{"line":34,"column":4},"end":{"line":78,"column":5}},"9":{"start":{"line":35,"column":34},"end":{"line":35,"column":42}},"10":{"start":{"line":36,"column":23},"end":{"line":36,"column":67}},"11":{"start":{"line":37,"column":6},"end":{"line":39,"column":7}},"12":{"start":{"line":38,"column":8},"end":{"line":38,"column":40}},"13":{"start":{"line":41,"column":32},"end":{"line":41,"column":76}},"14":{"start":{"line":42,"column":6},"end":{"line":44,"column":7}},"15":{"start":{"line":43,"column":8},"end":{"line":43,"column":40}},"16":{"start":{"line":46,"column":20},"end":{"line":56,"column":8}},"17":{"start":{"line":58,"column":22},"end":{"line":70,"column":7}},"18":{"start":{"line":72,"column":6},"end":{"line":75,"column":9}},"19":{"start":{"line":77,"column":6},"end":{"line":77,"column":18}},"20":{"start":{"line":82,"column":4},"end":{"line":90,"column":5}},"21":{"start":{"line":83,"column":29},"end":{"line":83,"column":39}},"22":{"start":{"line":84,"column":23},"end":{"line":84,"column":59}},"23":{"start":{"line":85,"column":23},"end":{"line":85,"column":84}},"24":{"start":{"line":87,"column":6},"end":{"line":87,"column":37}},"25":{"start":{"line":89,"column":6},"end":{"line":89,"column":18}},"26":{"start":{"line":94,"column":4},"end":{"line":112,"column":5}},"27":{"start":{"line":95,"column":29},"end":{"line":95,"column":39}},"28":{"start":{"line":96,"column":39},"end":{"line":96,"column":47}},"29":{"start":{"line":98,"column":25},"end":{"line":103,"column":8}},"30":{"start":{"line":105,"column":6},"end":{"line":109,"column":9}},"31":{"start":{"line":111,"column":6},"end":{"line":111,"column":18}},"32":{"start":{"line":116,"column":4},"end":{"line":126,"column":5}},"33":{"start":{"line":117,"column":29},"end":{"line":117,"column":39}},"34":{"start":{"line":118,"column":29},"end":{"line":118,"column":37}},"35":{"start":{"line":119,"column":6},"end":{"line":119,"column":75}},"36":{"start":{"line":121,"column":6},"end":{"line":123,"column":9}},"37":{"start":{"line":125,"column":6},"end":{"line":125,"column":18}},"38":{"start":{"line":130,"column":4},"end":{"line":167,"column":5}},"39":{"start":{"line":131,"column":23},"end":{"line":131,"column":49}},"40":{"start":{"line":132,"column":19},"end":{"line":132,"column":45}},"41":{"start":{"line":133,"column":18},"end":{"line":133,"column":44}},"42":{"start":{"line":135,"column":21},"end":{"line":157,"column":7}},"43":{"start":{"line":159,"column":6},"end":{"line":162,"column":9}},"44":{"start":{"line":160,"column":8},"end":{"line":160,"column":35}},"45":{"start":{"line":161,"column":8},"end":{"line":161,"column":27}},"46":{"start":{"line":164,"column":6},"end":{"line":164,"column":35}},"47":{"start":{"line":166,"column":6},"end":{"line":166,"column":18}},"48":{"start":{"line":171,"column":4},"end":{"line":189,"column":5}},"49":{"start":{"line":172,"column":29},"end":{"line":172,"column":39}},"50":{"start":{"line":173,"column":23},"end":{"line":184,"column":8}},"51":{"start":{"line":185,"column":6},"end":{"line":185,"column":56}},"52":{"start":{"line":186,"column":6},"end":{"line":186,"column":37}},"53":{"start":{"line":188,"column":6},"end":{"line":188,"column":18}},"54":{"start":{"line":193,"column":0},"end":{"line":193,"column":36}}},"fnMap":{"0":{"name":"(anonymous_0)","decl":{"start":{"line":5,"column":2},"end":{"line":5,"column":3}},"loc":{"start":{"line":5,"column":48},"end":{"line":31,"column":3}},"line":5},"1":{"name":"(anonymous_1)","decl":{"start":{"line":33,"column":2},"end":{"line":33,"column":3}},"loc":{"start":{"line":33,"column":45},"end":{"line":79,"column":3}},"line":33},"2":{"name":"(anonymous_2)","decl":{"start":{"line":81,"column":2},"end":{"line":81,"column":3}},"loc":{"start":{"line":81,"column":51},"end":{"line":91,"column":3}},"line":81},"3":{"name":"(anonymous_3)","decl":{"start":{"line":93,"column":2},"end":{"line":93,"column":3}},"loc":{"start":{"line":93,"column":44},"end":{"line":113,"column":3}},"line":93},"4":{"name":"(anonymous_4)","decl":{"start":{"line":115,"column":2},"end":{"line":115,"column":3}},"loc":{"start":{"line":115,"column":44},"end":{"line":127,"column":3}},"line":115},"5":{"name":"(anonymous_5)","decl":{"start":{"line":129,"column":2},"end":{"line":129,"column":3}},"loc":{"start":{"line":129,"column":48},"end":{"line":168,"column":3}},"line":129},"6":{"name":"(anonymous_6)","decl":{"start":{"line":159,"column":21},"end":{"line":159,"column":22}},"loc":{"start":{"line":159,"column":29},"end":{"line":162,"column":7}},"line":159},"7":{"name":"(anonymous_7)","decl":{"start":{"line":170,"column":2},"end":{"line":170,"column":3}},"loc":{"start":{"line":170,"column":49},"end":{"line":190,"column":3}},"line":170}},"branchMap":{"0":{"loc":{"start":{"line":7,"column":59},"end":{"line":7,"column":72}},"type":"default-arg","locations":[{"start":{"line":7,"column":71},"end":{"line":7,"column":72}}],"line":7},"1":{"loc":{"start":{"line":7,"column":74},"end":{"line":7,"column":86}},"type":"default-arg","locations":[{"start":{"line":7,"column":85},"end":{"line":7,"column":86}}],"line":7},"2":{"loc":{"start":{"line":37,"column":6},"end":{"line":39,"column":7}},"type":"if","locations":[{"start":{"line":37,"column":6},"end":{"line":39,"column":7}},{"start":{},"end":{}}],"line":37},"3":{"loc":{"start":{"line":42,"column":6},"end":{"line":44,"column":7}},"type":"if","locations":[{"start":{"line":42,"column":6},"end":{"line":44,"column":7}},{"start":{},"end":{}}],"line":42},"4":{"loc":{"start":{"line":131,"column":23},"end":{"line":131,"column":49}},"type":"binary-expr","locations":[{"start":{"line":131,"column":23},"end":{"line":131,"column":41}},{"start":{"line":131,"column":45},"end":{"line":131,"column":49}}],"line":131},"5":{"loc":{"start":{"line":132,"column":19},"end":{"line":132,"column":45}},"type":"binary-expr","locations":[{"start":{"line":132,"column":19},"end":{"line":132,"column":33}},{"start":{"line":132,"column":37},"end":{"line":132,"column":45}}],"line":132},"6":{"loc":{"start":{"line":133,"column":18},"end":{"line":133,"column":44}},"type":"binary-expr","locations":[{"start":{"line":133,"column":18},"end":{"line":133,"column":31}},{"start":{"line":133,"column":35},"end":{"line":133,"column":44}}],"line":133}},"s":{"0":4,"1":4,"2":6,"3":6,"4":6,"5":6,"6":1,"7":5,"8":3,"9":3,"10":3,"11":3,"12":1,"13":2,"14":2,"15":1,"16":1,"17":1,"18":1,"19":2,"20":2,"21":2,"22":2,"23":1,"24":1,"25":1,"26":2,"27":2,"28":2,"29":2,"30":1,"31":1,"32":2,"33":2,"34":2,"35":2,"36":1,"37":1,"38":2,"39":2,"40":2,"41":2,"42":2,"43":1,"44":0,"45":0,"46":1,"47":1,"48":2,"49":2,"50":2,"51":1,"52":1,"53":1,"54":4},"f":{"0":6,"1":3,"2":2,"3":2,"4":2,"5":2,"6":0,"7":2},"b":{"0":[0],"1":[0],"2":[1,2],"3":[1,1],"4":[2,1],"5":[2,2],"6":[2,2]},"_coverageSchema":"1a1c01bbd47fc00a2c39e90264f33305004495a9","hash":"8083e71d2f07a93ebce1c4f77fbf5cd750334c44"}
,"/home/iqbal/Final Project 4/BengkelDex-server/helpers/index.js": {"path":"/home/iqbal/Final Project 4/BengkelDex-server/helpers/index.js","statementMap":{"0":{"start":{"line":1,"column":15},"end":{"line":1,"column":32}},"1":{"start":{"line":2,"column":12},"end":{"line":2,"column":35}},"2":{"start":{"line":5,"column":2},"end":{"line":5,"column":39}},"3":{"start":{"line":9,"column":2},"end":{"line":9,"column":44}},"4":{"start":{"line":13,"column":2},"end":{"line":13,"column":48}},"5":{"start":{"line":17,"column":2},"end":{"line":17,"column":51}},"6":{"start":{"line":20,"column":0},"end":{"line":25,"column":2}}},"fnMap":{"0":{"name":"hashPassword","decl":{"start":{"line":4,"column":9},"end":{"line":4,"column":21}},"loc":{"start":{"line":4,"column":32},"end":{"line":6,"column":1}},"line":4},"1":{"name":"comparePassword","decl":{"start":{"line":8,"column":9},"end":{"line":8,"column":24}},"loc":{"start":{"line":8,"column":41},"end":{"line":10,"column":1}},"line":8},"2":{"name":"generateToken","decl":{"start":{"line":12,"column":9},"end":{"line":12,"column":22}},"loc":{"start":{"line":12,"column":29},"end":{"line":14,"column":1}},"line":12},"3":{"name":"verifyToken","decl":{"start":{"line":16,"column":9},"end":{"line":16,"column":20}},"loc":{"start":{"line":16,"column":28},"end":{"line":18,"column":1}},"line":16}},"branchMap":{},"s":{"0":4,"1":4,"2":18,"3":4,"4":5,"5":9,"6":4},"f":{"0":18,"1":4,"2":5,"3":9},"b":{},"_coverageSchema":"1a1c01bbd47fc00a2c39e90264f33305004495a9","hash":"b57f8ebbb3d3520869f75a66c618bb82f6d5e90d"}
,"/home/iqbal/Final Project 4/BengkelDex-server/middleware/authn.js": {"path":"/home/iqbal/Final Project 4/BengkelDex-server/middleware/authn.js","statementMap":{"0":{"start":{"line":1,"column":24},"end":{"line":1,"column":54}},"1":{"start":{"line":2,"column":17},"end":{"line":2,"column":43}},"2":{"start":{"line":4,"column":14},"end":{"line":22,"column":1}},"3":{"start":{"line":5,"column":2},"end":{"line":21,"column":3}},"4":{"start":{"line":6,"column":29},"end":{"line":6,"column":40}},"5":{"start":{"line":7,"column":20},"end":{"line":7,"column":45}},"6":{"start":{"line":8,"column":22},"end":{"line":8,"column":53}},"7":{"start":{"line":9,"column":4},"end":{"line":9,"column":52}},"8":{"start":{"line":10,"column":4},"end":{"line":10,"column":54}},"9":{"start":{"line":11,"column":4},"end":{"line":17,"column":6}},"10":{"start":{"line":18,"column":4},"end":{"line":18,"column":11}},"11":{"start":{"line":20,"column":4},"end":{"line":20,"column":14}},"12":{"start":{"line":24,"column":0},"end":{"line":24,"column":23}}},"fnMap":{"0":{"name":"(anonymous_0)","decl":{"start":{"line":4,"column":14},"end":{"line":4,"column":15}},"loc":{"start":{"line":4,"column":40},"end":{"line":22,"column":1}},"line":4}},"branchMap":{},"s":{"0":4,"1":4,"2":4,"3":9,"4":9,"5":9,"6":7,"7":7,"8":7,"9":7,"10":7,"11":2,"12":4},"f":{"0":9},"b":{},"_coverageSchema":"1a1c01bbd47fc00a2c39e90264f33305004495a9","hash":"f3e8fb6b240f71af357afe9955974306c6cd413f"}
,"/home/iqbal/Final Project 4/BengkelDex-server/middleware/errorHandler.js": {"path":"/home/iqbal/Final Project 4/BengkelDex-server/middleware/errorHandler.js","statementMap":{"0":{"start":{"line":1,"column":22},"end":{"line":24,"column":1}},"1":{"start":{"line":2,"column":13},"end":{"line":2,"column":16}},"2":{"start":{"line":3,"column":12},"end":{"line":3,"column":35}},"3":{"start":{"line":5,"column":2},"end":{"line":17,"column":3}},"4":{"start":{"line":6,"column":4},"end":{"line":6,"column":15}},"5":{"start":{"line":7,"column":4},"end":{"line":7,"column":32}},"6":{"start":{"line":8,"column":9},"end":{"line":17,"column":3}},"7":{"start":{"line":9,"column":4},"end":{"line":9,"column":15}},"8":{"start":{"line":10,"column":4},"end":{"line":10,"column":32}},"9":{"start":{"line":11,"column":9},"end":{"line":17,"column":3}},"10":{"start":{"line":12,"column":4},"end":{"line":12,"column":15}},"11":{"start":{"line":13,"column":4},"end":{"line":13,"column":41}},"12":{"start":{"line":14,"column":9},"end":{"line":17,"column":3}},"13":{"start":{"line":15,"column":4},"end":{"line":15,"column":14}},"14":{"start":{"line":16,"column":4},"end":{"line":16,"column":25}},"15":{"start":{"line":20,"column":2},"end":{"line":23,"column":5}},"16":{"start":{"line":26,"column":0},"end":{"line":26,"column":31}}},"fnMap":{"0":{"name":"(anonymous_0)","decl":{"start":{"line":1,"column":22},"end":{"line":1,"column":23}},"loc":{"start":{"line":1,"column":47},"end":{"line":24,"column":1}},"line":1}},"branchMap":{"0":{"loc":{"start":{"line":5,"column":2},"end":{"line":17,"column":3}},"type":"if","locations":[{"start":{"line":5,"column":2},"end":{"line":17,"column":3}},{"start":{"line":8,"column":9},"end":{"line":17,"column":3}}],"line":5},"1":{"loc":{"start":{"line":8,"column":9},"end":{"line":17,"column":3}},"type":"if","locations":[{"start":{"line":8,"column":9},"end":{"line":17,"column":3}},{"start":{"line":11,"column":9},"end":{"line":17,"column":3}}],"line":8},"2":{"loc":{"start":{"line":11,"column":9},"end":{"line":17,"column":3}},"type":"if","locations":[{"start":{"line":11,"column":9},"end":{"line":17,"column":3}},{"start":{"line":14,"column":9},"end":{"line":17,"column":3}}],"line":11},"3":{"loc":{"start":{"line":14,"column":9},"end":{"line":17,"column":3}},"type":"if","locations":[{"start":{"line":14,"column":9},"end":{"line":17,"column":3}},{"start":{},"end":{}}],"line":14}},"s":{"0":4,"1":26,"2":26,"3":26,"4":10,"5":10,"6":16,"7":1,"8":1,"9":15,"10":4,"11":4,"12":11,"13":2,"14":2,"15":26,"16":4},"f":{"0":26},"b":{"0":[10,16],"1":[1,15],"2":[4,11],"3":[2,9]},"_coverageSchema":"1a1c01bbd47fc00a2c39e90264f33305004495a9","hash":"282c499172ab5aa337d9c238c5addeffe9aa4154"}
,"/home/iqbal/Final Project 4/BengkelDex-server/models/index.js": {"path":"/home/iqbal/Final Project 4/BengkelDex-server/models/index.js","statementMap":{"0":{"start":{"line":3,"column":11},"end":{"line":3,"column":24}},"1":{"start":{"line":4,"column":13},"end":{"line":4,"column":28}},"2":{"start":{"line":5,"column":18},"end":{"line":5,"column":38}},"3":{"start":{"line":6,"column":17},"end":{"line":6,"column":42}},"4":{"start":{"line":7,"column":12},"end":{"line":7,"column":49}},"5":{"start":{"line":8,"column":15},"end":{"line":8,"column":65}},"6":{"start":{"line":9,"column":11},"end":{"line":9,"column":13}},"7":{"start":{"line":12,"column":0},"end":{"line":16,"column":1}},"8":{"start":{"line":13,"column":2},"end":{"line":13,"column":74}},"9":{"start":{"line":15,"column":2},"end":{"line":15,"column":87}},"10":{"start":{"line":18,"column":0},"end":{"line":26,"column":5}},"11":{"start":{"line":21,"column":4},"end":{"line":21,"column":90}},"12":{"start":{"line":24,"column":18},"end":{"line":24,"column":85}},"13":{"start":{"line":25,"column":4},"end":{"line":25,"column":27}},"14":{"start":{"line":28,"column":0},"end":{"line":32,"column":3}},"15":{"start":{"line":29,"column":2},"end":{"line":31,"column":3}},"16":{"start":{"line":30,"column":4},"end":{"line":30,"column":32}},"17":{"start":{"line":34,"column":0},"end":{"line":34,"column":25}},"18":{"start":{"line":35,"column":0},"end":{"line":35,"column":25}},"19":{"start":{"line":37,"column":0},"end":{"line":37,"column":20}}},"fnMap":{"0":{"name":"(anonymous_0)","decl":{"start":{"line":20,"column":10},"end":{"line":20,"column":11}},"loc":{"start":{"line":20,"column":18},"end":{"line":22,"column":3}},"line":20},"1":{"name":"(anonymous_1)","decl":{"start":{"line":23,"column":11},"end":{"line":23,"column":12}},"loc":{"start":{"line":23,"column":19},"end":{"line":26,"column":3}},"line":23},"2":{"name":"(anonymous_2)","decl":{"start":{"line":28,"column":24},"end":{"line":28,"column":25}},"loc":{"start":{"line":28,"column":37},"end":{"line":32,"column":1}},"line":28}},"branchMap":{"0":{"loc":{"start":{"line":7,"column":12},"end":{"line":7,"column":49}},"type":"binary-expr","locations":[{"start":{"line":7,"column":12},"end":{"line":7,"column":32}},{"start":{"line":7,"column":36},"end":{"line":7,"column":49}}],"line":7},"1":{"loc":{"start":{"line":12,"column":0},"end":{"line":16,"column":1}},"type":"if","locations":[{"start":{"line":12,"column":0},"end":{"line":16,"column":1}},{"start":{"line":14,"column":7},"end":{"line":16,"column":1}}],"line":12},"2":{"loc":{"start":{"line":21,"column":11},"end":{"line":21,"column":89}},"type":"binary-expr","locations":[{"start":{"line":21,"column":12},"end":{"line":21,"column":35}},{"start":{"line":21,"column":41},"end":{"line":21,"column":58}},{"start":{"line":21,"column":64},"end":{"line":21,"column":88}}],"line":21},"3":{"loc":{"start":{"line":29,"column":2},"end":{"line":31,"column":3}},"type":"if","locations":[{"start":{"line":29,"column":2},"end":{"line":31,"column":3}},{"start":{},"end":{}}],"line":29}},"s":{"0":4,"1":4,"2":4,"3":4,"4":4,"5":4,"6":4,"7":4,"8":0,"9":4,"10":4,"11":24,"12":20,"13":20,"14":4,"15":20,"16":20,"17":4,"18":4,"19":4},"f":{"0":24,"1":20,"2":20},"b":{"0":[4,0],"1":[0,4],"2":[24,24,20],"3":[20,0]},"_coverageSchema":"1a1c01bbd47fc00a2c39e90264f33305004495a9","hash":"94efc5abce6ca258bc868b1d00c39598b5af01b1"}
,"/home/iqbal/Final Project 4/BengkelDex-server/models/order.js": {"path":"/home/iqbal/Final Project 4/BengkelDex-server/models/order.js","statementMap":{"0":{"start":{"line":2,"column":18},"end":{"line":2,"column":38}},"1":{"start":{"line":3,"column":0},"end":{"line":30,"column":2}},"2":{"start":{"line":12,"column":6},"end":{"line":12,"column":40}},"3":{"start":{"line":15,"column":2},"end":{"line":28,"column":4}},"4":{"start":{"line":29,"column":2},"end":{"line":29,"column":15}}},"fnMap":{"0":{"name":"(anonymous_0)","decl":{"start":{"line":3,"column":17},"end":{"line":3,"column":18}},"loc":{"start":{"line":3,"column":43},"end":{"line":30,"column":1}},"line":3},"1":{"name":"(anonymous_1)","decl":{"start":{"line":10,"column":4},"end":{"line":10,"column":5}},"loc":{"start":{"line":10,"column":29},"end":{"line":13,"column":5}},"line":10}},"branchMap":{},"s":{"0":4,"1":4,"2":4,"3":4,"4":4},"f":{"0":4,"1":4},"b":{},"_coverageSchema":"1a1c01bbd47fc00a2c39e90264f33305004495a9","hash":"f4588d0dfae91f1faa101985add395aa5076d6eb"}
,"/home/iqbal/Final Project 4/BengkelDex-server/models/orderdetail.js": {"path":"/home/iqbal/Final Project 4/BengkelDex-server/models/orderdetail.js","statementMap":{"0":{"start":{"line":2,"column":18},"end":{"line":2,"column":38}},"1":{"start":{"line":3,"column":0},"end":{"line":28,"column":2}},"2":{"start":{"line":12,"column":6},"end":{"line":12,"column":42}},"3":{"start":{"line":13,"column":6},"end":{"line":13,"column":44}},"4":{"start":{"line":16,"column":2},"end":{"line":26,"column":4}},"5":{"start":{"line":27,"column":2},"end":{"line":27,"column":21}}},"fnMap":{"0":{"name":"(anonymous_0)","decl":{"start":{"line":3,"column":17},"end":{"line":3,"column":18}},"loc":{"start":{"line":3,"column":43},"end":{"line":28,"column":1}},"line":3},"1":{"name":"(anonymous_1)","decl":{"start":{"line":10,"column":4},"end":{"line":10,"column":5}},"loc":{"start":{"line":10,"column":29},"end":{"line":14,"column":5}},"line":10}},"branchMap":{},"s":{"0":4,"1":4,"2":4,"3":4,"4":4,"5":4},"f":{"0":4,"1":4},"b":{},"_coverageSchema":"1a1c01bbd47fc00a2c39e90264f33305004495a9","hash":"68bf66ada2cddbf8997cab01e1cea7b5d7d09ecb"}
,"/home/iqbal/Final Project 4/BengkelDex-server/models/service.js": {"path":"/home/iqbal/Final Project 4/BengkelDex-server/models/service.js","statementMap":{"0":{"start":{"line":2,"column":18},"end":{"line":2,"column":38}},"1":{"start":{"line":3,"column":0},"end":{"line":31,"column":2}},"2":{"start":{"line":12,"column":6},"end":{"line":14,"column":9}},"3":{"start":{"line":15,"column":6},"end":{"line":15,"column":41}},"4":{"start":{"line":18,"column":2},"end":{"line":29,"column":4}},"5":{"start":{"line":30,"column":2},"end":{"line":30,"column":17}}},"fnMap":{"0":{"name":"(anonymous_0)","decl":{"start":{"line":3,"column":17},"end":{"line":3,"column":18}},"loc":{"start":{"line":3,"column":43},"end":{"line":31,"column":1}},"line":3},"1":{"name":"(anonymous_1)","decl":{"start":{"line":10,"column":4},"end":{"line":10,"column":5}},"loc":{"start":{"line":10,"column":29},"end":{"line":16,"column":5}},"line":10}},"branchMap":{},"s":{"0":4,"1":4,"2":4,"3":4,"4":4,"5":4},"f":{"0":4,"1":4},"b":{},"_coverageSchema":"1a1c01bbd47fc00a2c39e90264f33305004495a9","hash":"67acaeda91881a3cbd8d7371686228d14bcf65a2"}
,"/home/iqbal/Final Project 4/BengkelDex-server/models/user.js": {"path":"/home/iqbal/Final Project 4/BengkelDex-server/models/user.js","statementMap":{"0":{"start":{"line":2,"column":25},"end":{"line":2,"column":55}},"1":{"start":{"line":3,"column":18},"end":{"line":3,"column":38}},"2":{"start":{"line":4,"column":0},"end":{"line":73,"column":2}},"3":{"start":{"line":8,"column":6},"end":{"line":8,"column":33}},"4":{"start":{"line":11,"column":2},"end":{"line":66,"column":4}},"5":{"start":{"line":68,"column":2},"end":{"line":71,"column":5}},"6":{"start":{"line":69,"column":4},"end":{"line":69,"column":48}},"7":{"start":{"line":70,"column":4},"end":{"line":70,"column":16}},"8":{"start":{"line":72,"column":2},"end":{"line":72,"column":14}}},"fnMap":{"0":{"name":"(anonymous_0)","decl":{"start":{"line":4,"column":17},"end":{"line":4,"column":18}},"loc":{"start":{"line":4,"column":43},"end":{"line":73,"column":1}},"line":4},"1":{"name":"(anonymous_1)","decl":{"start":{"line":6,"column":4},"end":{"line":6,"column":5}},"loc":{"start":{"line":6,"column":29},"end":{"line":9,"column":5}},"line":6},"2":{"name":"(anonymous_2)","decl":{"start":{"line":68,"column":20},"end":{"line":68,"column":21}},"loc":{"start":{"line":68,"column":39},"end":{"line":71,"column":3}},"line":68}},"branchMap":{},"s":{"0":4,"1":4,"2":4,"3":4,"4":4,"5":4,"6":5,"7":5,"8":4},"f":{"0":4,"1":4,"2":5},"b":{},"_coverageSchema":"1a1c01bbd47fc00a2c39e90264f33305004495a9","hash":"2825e6ac67212e144c71f12ccdb9bcf667cea454"}
,"/home/iqbal/Final Project 4/BengkelDex-server/models/workshop.js": {"path":"/home/iqbal/Final Project 4/BengkelDex-server/models/workshop.js","statementMap":{"0":{"start":{"line":2,"column":25},"end":{"line":2,"column":55}},"1":{"start":{"line":3,"column":18},"end":{"line":3,"column":38}},"2":{"start":{"line":4,"column":0},"end":{"line":70,"column":2}},"3":{"start":{"line":13,"column":6},"end":{"line":15,"column":9}},"4":{"start":{"line":18,"column":2},"end":{"line":63,"column":4}},"5":{"start":{"line":65,"column":2},"end":{"line":68,"column":5}},"6":{"start":{"line":66,"column":4},"end":{"line":66,"column":56}},"7":{"start":{"line":67,"column":4},"end":{"line":67,"column":20}},"8":{"start":{"line":69,"column":2},"end":{"line":69,"column":18}}},"fnMap":{"0":{"name":"(anonymous_0)","decl":{"start":{"line":4,"column":17},"end":{"line":4,"column":18}},"loc":{"start":{"line":4,"column":43},"end":{"line":70,"column":1}},"line":4},"1":{"name":"(anonymous_1)","decl":{"start":{"line":11,"column":4},"end":{"line":11,"column":5}},"loc":{"start":{"line":11,"column":29},"end":{"line":16,"column":5}},"line":11},"2":{"name":"(anonymous_2)","decl":{"start":{"line":65,"column":24},"end":{"line":65,"column":25}},"loc":{"start":{"line":65,"column":47},"end":{"line":68,"column":3}},"line":65}},"branchMap":{},"s":{"0":4,"1":4,"2":4,"3":4,"4":4,"5":4,"6":6,"7":6,"8":4},"f":{"0":4,"1":4,"2":6},"b":{},"_coverageSchema":"1a1c01bbd47fc00a2c39e90264f33305004495a9","hash":"8272955137cb6cb9cf8e38b35f31057635f7907b"}
,"/home/iqbal/Final Project 4/BengkelDex-server/routes/customers.js": {"path":"/home/iqbal/Final Project 4/BengkelDex-server/routes/customers.js","statementMap":{"0":{"start":{"line":1,"column":16},"end":{"line":1,"column":34}},"1":{"start":{"line":2,"column":27},"end":{"line":2,"column":65}},"2":{"start":{"line":3,"column":15},"end":{"line":3,"column":31}},"3":{"start":{"line":4,"column":14},"end":{"line":4,"column":44}},"4":{"start":{"line":6,"column":0},"end":{"line":6,"column":54}},"5":{"start":{"line":7,"column":0},"end":{"line":7,"column":56}},"6":{"start":{"line":8,"column":0},"end":{"line":8,"column":70}},"7":{"start":{"line":9,"column":0},"end":{"line":9,"column":18}},"8":{"start":{"line":10,"column":0},"end":{"line":10,"column":63}},"9":{"start":{"line":11,"column":0},"end":{"line":11,"column":24}}},"fnMap":{},"branchMap":{},"s":{"0":4,"1":4,"2":4,"3":4,"4":4,"5":4,"6":4,"7":4,"8":4,"9":4},"f":{},"b":{},"_coverageSchema":"1a1c01bbd47fc00a2c39e90264f33305004495a9","hash":"77942aff686ce9a0669f7d1b6d4288ec8ef13faa"}
,"/home/iqbal/Final Project 4/BengkelDex-server/routes/index.js": {"path":"/home/iqbal/Final Project 4/BengkelDex-server/routes/index.js","statementMap":{"0":{"start":{"line":1,"column":16},"end":{"line":1,"column":34}},"1":{"start":{"line":2,"column":15},"end":{"line":2,"column":31}},"2":{"start":{"line":3,"column":18},"end":{"line":3,"column":40}},"3":{"start":{"line":4,"column":18},"end":{"line":4,"column":40}},"4":{"start":{"line":5,"column":15},"end":{"line":5,"column":34}},"5":{"start":{"line":6,"column":16},"end":{"line":6,"column":36}},"6":{"start":{"line":8,"column":0},"end":{"line":8,"column":36}},"7":{"start":{"line":9,"column":0},"end":{"line":9,"column":36}},"8":{"start":{"line":10,"column":0},"end":{"line":10,"column":31}},"9":{"start":{"line":11,"column":0},"end":{"line":11,"column":30}},"10":{"start":{"line":13,"column":0},"end":{"line":13,"column":24}}},"fnMap":{},"branchMap":{},"s":{"0":4,"1":4,"2":4,"3":4,"4":4,"5":4,"6":4,"7":4,"8":4,"9":4,"10":4},"f":{},"b":{},"_coverageSchema":"1a1c01bbd47fc00a2c39e90264f33305004495a9","hash":"cbe1dccfb4c5ce433b7af5cbfabcd6c6d658063f"}
,"/home/iqbal/Final Project 4/BengkelDex-server/routes/orders.js": {"path":"/home/iqbal/Final Project 4/BengkelDex-server/routes/orders.js","statementMap":{"0":{"start":{"line":1,"column":16},"end":{"line":1,"column":34}},"1":{"start":{"line":2,"column":15},"end":{"line":2,"column":31}},"2":{"start":{"line":3,"column":14},"end":{"line":3,"column":44}},"3":{"start":{"line":4,"column":24},"end":{"line":4,"column":56}},"4":{"start":{"line":6,"column":0},"end":{"line":6,"column":18}},"5":{"start":{"line":7,"column":0},"end":{"line":7,"column":46}},"6":{"start":{"line":8,"column":0},"end":{"line":8,"column":57}},"7":{"start":{"line":9,"column":0},"end":{"line":9,"column":61}},"8":{"start":{"line":11,"column":0},"end":{"line":11,"column":24}}},"fnMap":{},"branchMap":{},"s":{"0":4,"1":4,"2":4,"3":4,"4":4,"5":4,"6":4,"7":4,"8":4},"f":{},"b":{},"_coverageSchema":"1a1c01bbd47fc00a2c39e90264f33305004495a9","hash":"3538beb9df8babd9304d41a8e2586e137fdbce48"}
,"/home/iqbal/Final Project 4/BengkelDex-server/routes/payment.js": {"path":"/home/iqbal/Final Project 4/BengkelDex-server/routes/payment.js","statementMap":{"0":{"start":{"line":1,"column":16},"end":{"line":1,"column":34}},"1":{"start":{"line":2,"column":15},"end":{"line":2,"column":31}},"2":{"start":{"line":3,"column":26},"end":{"line":3,"column":59}},"3":{"start":{"line":4,"column":14},"end":{"line":4,"column":44}},"4":{"start":{"line":6,"column":0},"end":{"line":6,"column":17}},"5":{"start":{"line":7,"column":0},"end":{"line":7,"column":55}},"6":{"start":{"line":8,"column":0},"end":{"line":8,"column":71}},"7":{"start":{"line":9,"column":0},"end":{"line":9,"column":54}},"8":{"start":{"line":11,"column":0},"end":{"line":11,"column":24}}},"fnMap":{},"branchMap":{},"s":{"0":4,"1":4,"2":4,"3":4,"4":4,"5":4,"6":4,"7":4,"8":4},"f":{},"b":{},"_coverageSchema":"1a1c01bbd47fc00a2c39e90264f33305004495a9","hash":"379f2d3fbbada10c88a9c6aec2ea9eed21148ab8"}
,"/home/iqbal/Final Project 4/BengkelDex-server/routes/workshops.js": {"path":"/home/iqbal/Final Project 4/BengkelDex-server/routes/workshops.js","statementMap":{"0":{"start":{"line":1,"column":16},"end":{"line":1,"column":34}},"1":{"start":{"line":2,"column":27},"end":{"line":2,"column":62}},"2":{"start":{"line":3,"column":15},"end":{"line":3,"column":31}},"3":{"start":{"line":5,"column":0},"end":{"line":5,"column":62}},"4":{"start":{"line":6,"column":0},"end":{"line":6,"column":56}},"5":{"start":{"line":7,"column":0},"end":{"line":7,"column":70}},"6":{"start":{"line":8,"column":0},"end":{"line":8,"column":76}},"7":{"start":{"line":9,"column":0},"end":{"line":9,"column":62}},"8":{"start":{"line":10,"column":0},"end":{"line":10,"column":65}},"9":{"start":{"line":11,"column":0},"end":{"line":11,"column":62}},"10":{"start":{"line":13,"column":0},"end":{"line":13,"column":24}}},"fnMap":{},"branchMap":{},"s":{"0":4,"1":4,"2":4,"3":4,"4":4,"5":4,"6":4,"7":4,"8":4,"9":4,"10":4},"f":{},"b":{},"_coverageSchema":"1a1c01bbd47fc00a2c39e90264f33305004495a9","hash":"1fed80240896e8ea17052fb0b12579761d9dbe96"}
,"/home/iqbal/Final Project 4/BengkelDex-server/services/midtrans/index.js": {"path":"/home/iqbal/Final Project 4/BengkelDex-server/services/midtrans/index.js","statementMap":{"0":{"start":{"line":1,"column":23},"end":{"line":1,"column":49}},"1":{"start":{"line":2,"column":11},"end":{"line":6,"column":2}},"2":{"start":{"line":8,"column":0},"end":{"line":8,"column":22}}},"fnMap":{},"branchMap":{},"s":{"0":4,"1":4,"2":4},"f":{},"b":{},"_coverageSchema":"1a1c01bbd47fc00a2c39e90264f33305004495a9","hash":"15beca2c89f6138bffc187cf0edd810f6a210635"}
}
