TN:
SF:app.js
FNF:0
FNH:0
DA:2,4
DA:3,4
DA:4,4
DA:5,4
DA:6,4
DA:7,4
DA:8,4
DA:10,4
DA:11,4
DA:12,4
DA:14,4
DA:15,4
DA:17,4
LF:13
LH:13
BRDA:6,0,0,4
BRDA:6,0,1,0
BRF:2
BRH:1
end_of_record
TN:
SF:controllers/customers.js
FN:6,(anonymous_0)
FN:32,(anonymous_1)
FN:75,(anonymous_2)
FN:102,(anonymous_3)
FN:131,(anonymous_4)
FNF:5
FNH:4
FNDA:7,(anonymous_0)
FNDA:3,(anonymous_1)
FNDA:2,(anonymous_2)
FNDA:2,(anonymous_3)
FNDA:0,(anonymous_4)
DA:2,4
DA:3,4
DA:4,4
DA:7,7
DA:8,7
DA:12,7
DA:13,7
DA:24,1
DA:28,6
DA:33,3
DA:34,3
DA:35,3
DA:36,3
DA:37,1
DA:40,2
DA:42,2
DA:43,1
DA:46,1
DA:55,1
DA:66,1
DA:71,2
DA:76,2
DA:77,2
DA:78,2
DA:79,2
DA:83,2
DA:94,1
DA:98,1
DA:103,2
DA:104,2
DA:105,2
DA:106,2
DA:108,2
DA:131,1
DA:132,0
DA:133,0
DA:135,1
DA:137,1
DA:142,4
LF:39
LH:37
BRDA:36,0,0,1
BRDA:36,0,1,2
BRDA:42,1,0,1
BRDA:42,1,1,1
BRDA:104,2,0,2
BRDA:104,2,1,1
BRDA:105,3,0,2
BRDA:105,3,1,2
BRDA:106,4,0,2
BRDA:106,4,1,2
BRF:10
BRH:10
end_of_record
TN:
SF:controllers/orders.js
FN:5,(anonymous_0)
FN:45,(anonymous_1)
FN:77,(anonymous_2)
FN:90,(anonymous_3)
FNF:4
FNH:4
FNDA:2,(anonymous_0)
FNDA:1,(anonymous_1)
FNDA:1,(anonymous_2)
FNDA:2,(anonymous_3)
DA:1,4
DA:2,4
DA:6,2
DA:7,2
DA:8,2
DA:10,2
DA:12,2
DA:21,1
DA:32,1
DA:34,1
DA:43,1
DA:45,1
DA:46,1
DA:51,1
DA:53,1
DA:54,1
DA:66,1
DA:68,1
DA:72,1
DA:73,1
DA:78,1
DA:79,1
DA:84,1
DA:86,0
DA:91,2
DA:92,2
DA:107,1
DA:109,1
DA:114,4
LF:29
LH:28
BRF:0
BRH:0
end_of_record
TN:
SF:controllers/payment.js
FN:6,(anonymous_0)
FN:74,(anonymous_1)
FN:154,(anonymous_2)
FNF:3
FNH:0
FNDA:0,(anonymous_0)
FNDA:0,(anonymous_1)
FNDA:0,(anonymous_2)
DA:1,4
DA:2,4
DA:3,4
DA:7,0
DA:8,0
DA:9,0
DA:11,0
DA:13,0
DA:14,0
DA:15,0
DA:27,0
DA:28,0
DA:38,0
DA:39,0
DA:51,0
DA:63,0
DA:64,0
DA:68,0
DA:69,0
DA:70,0
DA:75,0
DA:76,0
DA:77,0
DA:78,0
DA:80,0
DA:81,0
DA:129,0
DA:141,0
DA:143,0
DA:149,0
DA:150,0
DA:155,0
DA:156,0
DA:157,0
DA:166,0
DA:168,0
DA:169,0
DA:174,4
LF:38
LH:4
BRDA:14,0,0,0
BRDA:14,0,1,0
BRDA:77,1,0,0
BRDA:77,1,1,0
BRF:4
BRH:0
end_of_record
TN:
SF:controllers/workshops.js
FN:5,(anonymous_0)
FN:33,(anonymous_1)
FN:81,(anonymous_2)
FN:93,(anonymous_3)
FN:115,(anonymous_4)
FN:129,(anonymous_5)
FN:159,(anonymous_6)
FN:170,(anonymous_7)
FNF:8
FNH:7
FNDA:6,(anonymous_0)
FNDA:3,(anonymous_1)
FNDA:2,(anonymous_2)
FNDA:2,(anonymous_3)
FNDA:2,(anonymous_4)
FNDA:2,(anonymous_5)
FNDA:0,(anonymous_6)
FNDA:2,(anonymous_7)
DA:2,4
DA:3,4
DA:6,6
DA:7,6
DA:8,6
DA:12,6
DA:23,1
DA:29,5
DA:34,3
DA:35,3
DA:36,3
DA:37,3
DA:38,1
DA:41,2
DA:42,2
DA:43,1
DA:46,1
DA:58,1
DA:72,1
DA:77,2
DA:82,2
DA:83,2
DA:84,2
DA:85,1
DA:87,1
DA:89,1
DA:94,2
DA:95,2
DA:96,2
DA:98,2
DA:105,1
DA:111,1
DA:116,2
DA:117,2
DA:118,2
DA:119,2
DA:121,1
DA:125,1
DA:130,2
DA:131,2
DA:132,2
DA:133,2
DA:135,2
DA:159,1
DA:160,0
DA:161,0
DA:164,1
DA:166,1
DA:171,2
DA:172,2
DA:173,2
DA:185,1
DA:186,1
DA:188,1
DA:193,4
LF:55
LH:53
BRDA:7,0,0,0
BRDA:7,1,0,0
BRDA:37,2,0,1
BRDA:37,2,1,2
BRDA:42,3,0,1
BRDA:42,3,1,1
BRDA:131,4,0,2
BRDA:131,4,1,1
BRDA:132,5,0,2
BRDA:132,5,1,2
BRDA:133,6,0,2
BRDA:133,6,1,2
BRF:12
BRH:10
end_of_record
TN:
SF:helpers/index.js
FN:4,hashPassword
FN:8,comparePassword
FN:12,generateToken
FN:16,verifyToken
FNF:4
FNH:4
FNDA:18,hashPassword
FNDA:4,comparePassword
FNDA:5,generateToken
FNDA:9,verifyToken
DA:1,4
DA:2,4
DA:5,18
DA:9,4
DA:13,5
DA:17,9
DA:20,4
LF:7
LH:7
BRF:0
BRH:0
end_of_record
TN:
SF:middleware/authn.js
FN:4,(anonymous_0)
FNF:1
FNH:1
FNDA:9,(anonymous_0)
DA:1,4
DA:2,4
DA:4,4
DA:5,9
DA:6,9
DA:7,9
DA:8,7
DA:9,7
DA:10,7
DA:11,7
DA:18,7
DA:20,2
DA:24,4
LF:13
LH:13
BRF:0
BRH:0
end_of_record
TN:
SF:middleware/errorHandler.js
FN:1,(anonymous_0)
FNF:1
FNH:1
FNDA:26,(anonymous_0)
DA:1,4
DA:2,26
DA:3,26
DA:5,26
DA:6,10
DA:7,10
DA:8,16
DA:9,1
DA:10,1
DA:11,15
DA:12,4
DA:13,4
DA:14,11
DA:15,2
DA:16,2
DA:20,26
DA:26,4
LF:17
LH:17
BRDA:5,0,0,10
BRDA:5,0,1,16
BRDA:8,1,0,1
BRDA:8,1,1,15
BRDA:11,2,0,4
BRDA:11,2,1,11
BRDA:14,3,0,2
BRDA:14,3,1,9
BRF:8
BRH:8
end_of_record
TN:
SF:models/index.js
FN:20,(anonymous_0)
FN:23,(anonymous_1)
FN:28,(anonymous_2)
FNF:3
FNH:3
FNDA:24,(anonymous_0)
FNDA:20,(anonymous_1)
FNDA:20,(anonymous_2)
DA:3,4
DA:4,4
DA:5,4
DA:6,4
DA:7,4
DA:8,4
DA:9,4
DA:12,4
DA:13,0
DA:15,4
DA:18,4
DA:21,24
DA:24,20
DA:25,20
DA:28,4
DA:29,20
DA:30,20
DA:34,4
DA:35,4
DA:37,4
LF:20
LH:19
BRDA:7,0,0,4
BRDA:7,0,1,0
BRDA:12,1,0,0
BRDA:12,1,1,4
BRDA:21,2,0,24
BRDA:21,2,1,24
BRDA:21,2,2,20
BRDA:29,3,0,20
BRDA:29,3,1,0
BRF:9
BRH:6
end_of_record
TN:
SF:models/order.js
FN:3,(anonymous_0)
FN:10,(anonymous_1)
FNF:2
FNH:2
FNDA:4,(anonymous_0)
FNDA:4,(anonymous_1)
DA:2,4
DA:3,4
DA:12,4
DA:15,4
DA:29,4
LF:5
LH:5
BRF:0
BRH:0
end_of_record
TN:
SF:models/orderdetail.js
FN:3,(anonymous_0)
FN:10,(anonymous_1)
FNF:2
FNH:2
FNDA:4,(anonymous_0)
FNDA:4,(anonymous_1)
DA:2,4
DA:3,4
DA:12,4
DA:13,4
DA:16,4
DA:27,4
LF:6
LH:6
BRF:0
BRH:0
end_of_record
TN:
SF:models/service.js
FN:3,(anonymous_0)
FN:10,(anonymous_1)
FNF:2
FNH:2
FNDA:4,(anonymous_0)
FNDA:4,(anonymous_1)
DA:2,4
DA:3,4
DA:12,4
DA:15,4
DA:18,4
DA:30,4
LF:6
LH:6
BRF:0
BRH:0
end_of_record
TN:
SF:models/user.js
FN:4,(anonymous_0)
FN:6,(anonymous_1)
FN:68,(anonymous_2)
FNF:3
FNH:3
FNDA:4,(anonymous_0)
FNDA:4,(anonymous_1)
FNDA:5,(anonymous_2)
DA:2,4
DA:3,4
DA:4,4
DA:8,4
DA:11,4
DA:68,4
DA:69,5
DA:70,5
DA:72,4
LF:9
LH:9
BRF:0
BRH:0
end_of_record
TN:
SF:models/workshop.js
FN:4,(anonymous_0)
FN:11,(anonymous_1)
FN:65,(anonymous_2)
FNF:3
FNH:3
FNDA:4,(anonymous_0)
FNDA:4,(anonymous_1)
FNDA:6,(anonymous_2)
DA:2,4
DA:3,4
DA:4,4
DA:13,4
DA:18,4
DA:65,4
DA:66,6
DA:67,6
DA:69,4
LF:9
LH:9
BRF:0
BRH:0
end_of_record
TN:
SF:routes/customers.js
FNF:0
FNH:0
DA:1,4
DA:2,4
DA:3,4
DA:4,4
DA:6,4
DA:7,4
DA:8,4
DA:9,4
DA:10,4
DA:11,4
LF:10
LH:10
BRF:0
BRH:0
end_of_record
TN:
SF:routes/index.js
FNF:0
FNH:0
DA:1,4
DA:2,4
DA:3,4
DA:4,4
DA:5,4
DA:6,4
DA:8,4
DA:9,4
DA:10,4
DA:11,4
DA:13,4
LF:11
LH:11
BRF:0
BRH:0
end_of_record
TN:
SF:routes/orders.js
FNF:0
FNH:0
DA:1,4
DA:2,4
DA:3,4
DA:4,4
DA:6,4
DA:7,4
DA:8,4
DA:9,4
DA:11,4
LF:9
LH:9
BRF:0
BRH:0
end_of_record
TN:
SF:routes/payment.js
FNF:0
FNH:0
DA:1,4
DA:2,4
DA:3,4
DA:4,4
DA:6,4
DA:7,4
DA:8,4
DA:9,4
DA:11,4
LF:9
LH:9
BRF:0
BRH:0
end_of_record
TN:
SF:routes/workshops.js
FNF:0
FNH:0
DA:1,4
DA:2,4
DA:3,4
DA:5,4
DA:6,4
DA:7,4
DA:8,4
DA:9,4
DA:10,4
DA:11,4
DA:13,4
LF:11
LH:11
BRF:0
BRH:0
end_of_record
TN:
SF:services/midtrans/index.js
FNF:0
FNH:0
DA:1,4
DA:2,4
DA:8,4
LF:3
LH:3
BRF:0
BRH:0
end_of_record
